#          b = 0.5
#          n:            1           2           3           4           5
# Eigenvalues: -3.099926750e-01 2.167576171e+00 6.530444813e+00 1.378255879e+01 2.404949236e+01 
#      r             u_1(r)        u_2(r)        u_3(r)        u_4(r)        u_5(r)
1.000000000e-01 5.10789888e-02 6.49549078e-02 -4.37913617e-02 -1.39470534e-02 4.36566228e-03 
2.00000000e-01 1.80766360e-01 2.47088410e-01 -2.14205906e-01 -1.18916316e-01 -1.61064298e-02 
3.00000000e-01 3.47767311e-01 4.80268839e-01 -4.86905837e-01 -3.73375593e-01 -1.58111762e-01 
4.00000000e-01 5.10931808e-01 6.66699881e-01 -7.35606389e-01 -7.00468128e-01 -4.98891396e-01 
5.00000000e-01 6.37821958e-01 7.21334023e-01 -8.07348411e-01 -8.83413147e-01 -9.55232520e-01 
6.00000000e-01 7.09766816e-01 6.05653607e-01 -6.21613643e-01 -7.09660239e-01 -1.24522949e+00 
7.00000000e-01 7.22678623e-01 3.38716448e-01 -2.24376610e-01 -1.59745028e-01 -1.06232168e+00 
8.00000000e-01 6.84272315e-01 -1.48970243e-02 2.34769158e-01 5.24775656e-01 -3.57572276e-01 
9.00000000e-01 6.09265290e-01 -3.71412799e-01 5.80811023e-01 9.70535755e-01 5.29769878e-01 
1.00000000e+00 5.14359507e-01 -6.56152285e-01 6.95035373e-01 9.12813881e-01 1.05938147e+00 
1.10000000e+00 4.14379917e-01 -8.23526777e-01 5.56627403e-01 3.70468103e-01 8.79660625e-01 
1.20000000e+00 3.20177158e-01 -8.63831890e-01 2.32585873e-01 -3.67241702e-01 1.06276214e-01 
1.30000000e+00 2.38177124e-01 -7.97724722e-01 -1.65837990e-01 -9.20784964e-01 -7.44233064e-01 
1.40000000e+00 1.71029775e-01 -6.63264688e-01 -5.31263970e-01 -1.03457231e+00 -1.11426021e+00 
1.50000000e+00 1.18726111e-01 -5.01610751e-01 -7.91793280e-01 -6.90451264e-01 -7.77375108e-01 
1.60000000e+00 7.97078221e-02 -3.46182659e-01 -9.20147677e-01 -7.41016420e-02 4.27660637e-02 
1.70000000e+00 5.17282639e-02 -2.17476937e-01 -9.25942303e-01 5.53869492e-01 8.56044409e-01 
1.80000000e+00 3.24146602e-02 -1.23151585e-01 -8.40601987e-01 9.89403509e-01 1.22418171e+00 
1.90000000e+00 1.95836940e-02 -6.14163746e-02 -7.02576320e-01 1.15209522e+00 9.90128599e-01 
2.00000000e+00 1.13889388e-02 -2.54450469e-02 -5.46733543e-01 1.07658191e+00 3.02997065e-01 
2.10000000e+00 6.36539854e-03 -7.12319163e-03 -3.98746417e-01 8.59197105e-01 -5.22730565e-01 
2.20000000e+00 3.41438551e-03 6.22489866e-04 -2.73645233e-01 6.00787706e-01 -1.19025876e+00 
2.30000000e+00 1.75562926e-03 2.88710532e-03 -1.77145403e-01 3.71614967e-01 -1.53872006e+00 
2.40000000e+00 8.64527945e-04 2.80566419e-03 -1.08349914e-01 2.02961689e-01 -1.56149687e+00 
2.50000000e+00 4.07419904e-04 2.02345586e-03 -6.26869424e-02 9.62829349e-02 -1.35357626e+00 
2.60000000e+00 1.83653810e-04 1.24766651e-03 -3.43361393e-02 3.77981195e-02 -1.03972993e+00 
2.70000000e+00 7.91593175e-05 6.89902814e-04 -1.78182569e-02 1.03709123e-02 -7.22008947e-01 
2.80000000e+00 3.26179645e-05 3.49780512e-04 -8.76595625e-03 -6.77143669e-05 -4.58939015e-01 
2.90000000e+00 1.28474957e-05 1.64602587e-04 -4.09088625e-03 -2.68984538e-03 -2.69293160e-01 
3.00000000e+00 4.83699936e-06 7.24411748e-05 -1.81206189e-03 -2.46115152e-03 -1.46756418e-01 
3.10000000e+00 1.74078354e-06 2.99655492e-05 -7.62275690e-04 -1.60252944e-03 -7.46212596e-02 
3.20000000e+00 5.98906572e-07 1.16918984e-05 -3.04700552e-04 -8.78689846e-04 -3.55283638e-02 
3.30000000e+00 1.97000290e-07 4.31428522e-06 -1.15794396e-04 -4.28194618e-04 -1.58847056e-02 
3.40000000e+00 6.19619831e-08 1.50855713e-06 -4.18579025e-05 -1.90071067e-04 -6.68486447e-03 
3.50000000e+00 1.86379262e-08 5.00642034e-07 -1.43997939e-05 -7.78999500e-05 -2.65316053e-03 
3.60000000e+00 5.36229143e-09 1.57890822e-07 -4.71658312e-06 -2.97259371e-05 -9.94738022e-04 
3.70000000e+00 1.47588393e-09 4.73701029e-08 -1.47158233e-06 -1.06204747e-05 -3.52810595e-04 
3.80000000e+00 3.88661686e-10 1.35316143e-08 -4.37532993e-07 -3.56691355e-06 -1.18520330e-04 
3.90000000e+00 9.79438438e-11 3.68311707e-09 -1.24016503e-07 -1.12945656e-06 -3.77507547e-05 
4.00000000e+00 2.36230122e-11 9.55827953e-10 -3.35238608e-08 -3.37962508e-07 -1.14116286e-05 
4.10000000e+00 5.45395006e-12 2.36637546e-10 -8.64546623e-09 -9.57367292e-08 -3.27657503e-06 
4.20000000e+00 1.20550136e-12 5.59164008e-11 -2.12778398e-09 -2.57123076e-08 -8.94263118e-07 
4.30000000e+00 2.55132338e-13 1.26163559e-11 -4.99928187e-10 -6.55522226e-09 -2.32151892e-07 
4.40000000e+00 5.17085950e-14 2.71916138e-12 -1.12164848e-10 -1.58805430e-09 -5.73589681e-08 
4.50000000e+00 1.00372577e-14 5.60005546e-13 -2.40378361e-11 -3.65895541e-10 -1.34954853e-08 
4.60000000e+00 1.86627543e-15 1.10240523e-13 -4.92194306e-12 -8.02403885e-11 -3.02515913e-09 
4.70000000e+00 3.32426397e-16 2.07493490e-14 -9.63134246e-13 -1.67595115e-11 -6.46362619e-10 
4.80000000e+00 5.67313049e-17 3.73502676e-15 -1.80154939e-13 -3.33592260e-12 -1.31689696e-10 
4.90000000e+00 9.27691660e-18 6.43148423e-16 -3.22187589e-14 -6.33114269e-13 -2.55940857e-11 
5.00000000e+00 1.45372425e-18 1.05962156e-16 -5.51014975e-15 -1.14620157e-13 -4.74669654e-12 
5.10000000e+00 2.18323102e-19 1.67070161e-17 -9.01350067e-16 -1.98031157e-14 -8.40325543e-13 
5.20000000e+00 3.14265269e-20 2.52136306e-18 -1.41051544e-16 -3.26635293e-15 -1.42048874e-13 
5.30000000e+00 4.33620645e-21 3.64279110e-19 -2.11198459e-17 -5.14515120e-16 -2.29341554e-14 
5.40000000e+00 5.73556744e-22 5.03923111e-20 -3.02623286e-18 -7.74237048e-17 -3.53748530e-15 
5.50000000e+00 7.27327461e-23 6.67558644e-21 -4.15029439e-19 -1.11330566e-17 -5.21408492e-16 
5.60000000e+00 8.84307632e-24 8.46972753e-22 -5.44857695e-20 -1.53014777e-18 -7.34566064e-17 
5.70000000e+00 1.03092636e-24 1.02934315e-22 -6.84816455e-21 -2.01064660e-19 -9.89337345e-18 
5.80000000e+00 1.15247739e-25 1.19843360e-23 -8.24153946e-22 -2.52649553e-20 -1.27410285e-18 
5.90000000e+00 1.23550904e-26 1.33684156e-24 -9.49814426e-23 -3.03648881e-21 -1.56924821e-19 
6.00000000e+00 1.27026726e-27 1.42890793e-25 -1.04837319e-23 -3.49123263e-22 -1.84876453e-20 
6.10000000e+00 1.25258047e-28 1.46362685e-26 -1.10837744e-24 -3.84076487e-23 -2.08375037e-21 
6.20000000e+00 1.18468268e-29 1.43680985e-27 -1.12253415e-25 -4.04353492e-24 -2.24724893e-22 
6.30000000e+00 1.07475069e-30 1.35191611e-28 -1.08916783e-26 -4.07452750e-25 -2.31932494e-23 
6.40000000e+00 9.35287406e-32 1.21932170e-29 -1.01254549e-27 -3.93033578e-26 -2.29106285e-24 
6.50000000e+00 7.80792230e-33 1.05424031e-30 -9.01982132e-29 -3.62976316e-27 -2.16637809e-25 
6.60000000e+00 6.25315758e-34 8.73869384e-32 -7.69985028e-30 -3.20981114e-28 -1.96113386e-26 
6.70000000e+00 4.80458992e-35 6.94496675e-33 -6.29945735e-31 -2.71823058e-29 -1.69983620e-27 
6.80000000e+00 3.54180848e-36 5.29224751e-34 -4.93963014e-32 -2.20469644e-30 -1.41085478e-28 
6.90000000e+00 2.50509129e-37 3.86709270e-35 -3.71268869e-33 -1.71283016e-31 -1.12144793e-29 
7.00000000e+00 1.70007848e-38 2.70975640e-36 -2.67495435e-34 -1.27475742e-32 -8.53770979e-31 
7.10000000e+00 1.10707692e-39 1.82096941e-37 -1.84759811e-35 -9.08931033e-34 -6.22602661e-32 
7.20000000e+00 6.91776566e-41 1.17361619e-38 -1.22346123e-36 -6.20961475e-35 -4.34938386e-33 
7.30000000e+00 4.14809116e-42 7.25477214e-40 -7.76768364e-38 -4.06505938e-36 -2.91091638e-34 
7.40000000e+00 2.38693010e-43 4.30147947e-41 -4.72865217e-39 -2.55019813e-37 -1.86660863e-35 
7.50000000e+00 1.31811732e-44 2.44641144e-42 -2.76027626e-40 -1.53327574e-38 -1.14691986e-36 
7.60000000e+00 6.98561807e-46 1.33468554e-43 -1.54511520e-41 -8.83565581e-40 -6.75308673e-38 
7.70000000e+00 3.55307962e-47 6.98530878e-45 -8.29440295e-43 -4.88046094e-41 -3.81059510e-39 
7.80000000e+00 1.73447007e-48 3.50726044e-46 -4.27019051e-44 -2.58414167e-42 -2.06079563e-40 
7.90000000e+00 8.12647900e-50 1.68944466e-47 -2.10847403e-45 -1.31169777e-43 -1.06821296e-41 
8.00000000e+00 3.65446057e-51 7.80783323e-49 -9.98546632e-47 -6.38323031e-45 -5.30749404e-43 
8.10000000e+00 1.57739513e-52 3.46213553e-50 -4.53593638e-48 -2.97826011e-46 -2.52788183e-44 
8.20000000e+00 6.53528834e-54 1.47299169e-51 -1.97643594e-49 -1.33237078e-47 -1.15421139e-45 
8.30000000e+00 2.59900049e-55 6.01332023e-53 -8.26102022e-51 -5.71546898e-49 -5.05242678e-47 
8.40000000e+00 9.92145244e-57 2.35559534e-54 -3.31235656e-52 -2.35107179e-50 -2.12043307e-48 
8.50000000e+00 3.63564125e-58 8.85468927e-56 -1.27411781e-53 -9.27447136e-52 -8.53260920e-50 
8.60000000e+00 1.27888919e-59 3.19407926e-57 -4.70183358e-55 -3.50867239e-53 -3.29225831e-51 
8.70000000e+00 4.31856907e-61 1.10568321e-58 -1.66466004e-56 -1.27305495e-54 -1.21809710e-52 
8.80000000e+00 1.39994350e-62 3.67316865e-60 -5.65456773e-58 -4.43018289e-56 -4.32181623e-54 
8.90000000e+00 4.35665499e-64 1.17108432e-61 -1.84290613e-59 -1.47871709e-57 -1.47050580e-55 
9.00000000e+00 1.30159511e-65 3.58330842e-63 -5.76302973e-61 -4.73429708e-59 -4.79846382e-57 
9.10000000e+00 3.73324518e-67 1.05230132e-64 -1.72924195e-62 -1.45395267e-60 -1.50172722e-58 
9.20000000e+00 1.02799859e-68 2.96596984e-66 -4.97887108e-64 -4.28337519e-62 -4.50765734e-60 
9.30000000e+00 2.71769814e-70 8.02369566e-68 -1.37558913e-65 -1.21054008e-63 -1.29777323e-61 
9.40000000e+00 6.89794395e-72 2.08340319e-69 -3.64704759e-67 -3.28204849e-65 -3.58386207e-63 
9.50000000e+00 1.68094956e-73 5.19245910e-71 -9.27898928e-69 -8.53686818e-67 -9.49345395e-65 
9.60000000e+00 3.93289992e-75 1.24217597e-72 -2.26557157e-70 -2.13036687e-68 -2.41230987e-66 
9.70000000e+00 8.83488114e-77 2.85241383e-74 -5.30864556e-72 -5.10066082e-70 -5.88020840e-68 
9.80000000e+00 1.90556751e-78 6.28738574e-76 -1.19379324e-73 -1.17173181e-71 -1.37504697e-69 
9.90000000e+00 3.94629734e-80 1.33034521e-77 -2.57646479e-75 -2.58269294e-73 -3.08476074e-71 
1.00000000e+01 7.84698719e-82 2.70211301e-79 -5.33677604e-77 -5.46226458e-75 -6.63923564e-73 