#          b = 2
#          n:            1           2           3           4           5
# Eigenvalues: -4.467643459e-01 -9.375747834e-02 1.247934329e-01 5.741011420e-01 1.084147115e+00 
#      r             u_1(r)        u_2(r)        u_3(r)        u_4(r)        u_5(r)
1.000000000e-01 2.06751142e-03 -3.81381650e-04 9.60642211e-04 -7.85747019e-04 6.13655484e-04 
2.00000000e-01 8.30330354e-03 -1.09757098e-03 3.42154091e-03 -3.03726268e-03 2.64183046e-03 
3.00000000e-01 1.87163002e-02 -1.53158131e-03 6.65518089e-03 -6.41496295e-03 6.27107076e-03 
4.00000000e-01 3.32605814e-02 -1.11495015e-03 9.84436890e-03 -1.03468667e-02 1.15194605e-02 
5.00000000e-01 5.18358766e-02 6.55045085e-04 1.21328366e-02 -1.40569253e-02 1.81905153e-02 
6.00000000e-01 7.42889747e-02 4.20077917e-03 1.26768779e-02 -1.66126216e-02 2.58410086e-02 
7.00000000e-01 1.00416015e-01 9.85263150e-03 1.06954274e-02 -1.69890069e-02 3.37679686e-02 
8.00000000e-01 1.29965609e-01 1.78405491e-02 5.51614610e-03 -1.41450583e-02 4.10187679e-02 
9.00000000e-01 1.62642712e-01 2.82889646e-02 -3.38464497e-03 -7.10721422e-03 4.64264530e-02 
1.00000000e+00 1.98113174e-01 4.12151058e-02 -1.63499739e-02 4.94571909e-03 4.86703475e-02 
1.10000000e+00 2.36008862e-01 5.65306324e-02 -3.35195184e-02 2.26023737e-02 4.63596914e-02 
1.20000000e+00 2.75933243e-01 7.40464343e-02 -5.48170571e-02 4.61492706e-02 3.81358356e-02 
1.30000000e+00 3.17467330e-01 9.34803407e-02 -7.99484209e-02 7.55172829e-02 2.27864989e-02 
1.40000000e+00 3.60175856e-01 1.14467409e-01 -1.08409788e-01 1.10248539e-01 -6.36004895e-04 
1.50000000e+00 4.03613565e-01 1.36572398e-01 -1.39505691e-01 1.49486929e-01 -3.27016861e-02 
1.60000000e+00 4.47331507e-01 1.59303992e-01 -1.72375674e-01 1.91993890e-01 -7.35044001e-02 
1.70000000e+00 4.90883222e-01 1.82130274e-01 -2.06028200e-01 2.36189515e-01 -1.22587008e-01 
1.80000000e+00 5.33830706e-01 2.04494985e-01 -2.39380106e-01 2.80217390e-01 -1.78898057e-01 
1.90000000e+00 5.75750066e-01 2.25834037e-01 -2.71299748e-01 3.22029988e-01 -2.40785986e-01 
2.00000000e+00 6.16236779e-01 2.45591824e-01 -3.00651878e-01 3.59490087e-01 -3.06034468e-01 
2.10000000e+00 6.54910481e-01 2.63236838e-01 -3.26342300e-01 3.90482587e-01 -3.71939614e-01 
2.20000000e+00 6.91419220e-01 2.78276202e-01 -3.47360444e-01 4.13030334e-01 -4.35426796e-01 
2.30000000e+00 7.25443138e-01 2.90268719e-01 -3.62818169e-01 4.25407267e-01 -4.93201784e-01 
2.40000000e+00 7.56697527e-01 2.98836146e-01 -3.71983339e-01 4.26242204e-01 -5.41928204e-01 
2.50000000e+00 7.84935263e-01 3.03672428e-01 -3.74306997e-01 4.14607137e-01 -5.78421019e-01 
2.60000000e+00 8.09948583e-01 3.04550717e-01 -3.69443282e-01 3.90084720e-01 -5.99844148e-01 
2.70000000e+00 8.31570231e-01 3.01328079e-01 -3.57261569e-01 3.52810826e-01 -6.03899526e-01 
2.80000000e+00 8.49673976e-01 2.93947832e-01 -3.37850646e-01 3.03489466e-01 -5.88994945e-01 
2.90000000e+00 8.64174520e-01 2.82439567e-01 -3.11515074e-01 2.43378941e-01 -5.54378984e-01 
3.00000000e+00 8.75026853e-01 2.66916933e-01 -2.78764149e-01 1.74249706e-01 -5.00233103e-01 
3.10000000e+00 8.82225062e-01 2.47573351e-01 -2.40294180e-01 9.83160089e-02 -4.27713467e-01 
3.20000000e+00 8.85800677e-01 2.24675855e-01 -1.96964977e-01 1.81447945e-02 -3.38938128e-01 
3.30000000e+00 8.85820573e-01 1.98557321e-01 -1.49771635e-01 -6.34534132e-02 -2.36918570e-01 
3.40000000e+00 8.82384514e-01 1.69607344e-01 -9.98127937e-02 -1.43546032e-01 -1.25438157e-01 
3.50000000e+00 8.75622369e-01 1.38262095e-01 -4.82566138e-02 -2.19206131e-01 -8.88337094e-03 
3.60000000e+00 8.65691080e-01 1.04993450e-01 3.69426809e-03 -2.87639881e-01 1.07963226e-01 
3.70000000e+00 8.52771439e-01 7.02977266e-02 5.48376053e-02 -3.46307456e-01 2.20156914e-01 
3.80000000e+00 8.37064717e-01 3.46843354e-02 1.04005091e-01 -3.93031541e-01 3.22838498e-01 
3.90000000e+00 8.18789223e-01 -1.33535353e-03 1.50093583e-01 -4.26088410e-01 4.11481712e-01 
4.00000000e+00 7.98176837e-01 -3.72586554e-02 1.92093127e-01 -4.44277536e-01 4.82126289e-01 
4.10000000e+00 7.75469567e-01 -7.26014802e-02 2.29111082e-01 -4.46966913e-01 5.31583499e-01 
4.20000000e+00 7.50916187e-01 -1.06907298e-01 2.60391803e-01 -4.34112588e-01 5.57602617e-01 
4.30000000e+00 7.24768988e-01 -1.39754988e-01 2.85331544e-01 -4.06252190e-01 5.58989135e-01 
4.40000000e+00 6.97280692e-01 -1.70765440e-01 3.03488390e-01 -3.64473593e-01 5.35668419e-01 
4.50000000e+00 6.68701556e-01 -1.99606829e-01 3.14587233e-01 -3.10360967e-01 4.88691699e-01 
4.60000000e+00 6.39276698e-01 -2.25998500e-01 3.18519926e-01 -2.45921493e-01 4.20184636e-01 
4.70000000e+00 6.09243666e-01 -2.49713481e-01 3.15340915e-01 -1.73496793e-01 3.33241925e-01 
4.80000000e+00 5.78830276e-01 -2.70579639e-01 3.05258749e-01 -9.56636710e-02 2.31774352e-01 
4.90000000e+00 5.48252723e-01 -2.88479552e-01 2.88623980e-01 -1.51290104e-02 1.20317238e-01 
5.00000000e+00 5.17713976e-01 -3.03349197e-01 2.65914025e-01 6.53762828e-02 3.81106580e-03 
5.10000000e+00 4.87402462e-01 -3.15175568e-01 2.37715604e-01 1.43199647e-01 -1.12633672e-01 
5.20000000e+00 4.57491040e-01 -3.23993370e-01 2.04705425e-01 2.15861333e-01 -2.23974895e-01 
5.30000000e+00 4.28136251e-01 -3.29880935e-01 1.67629739e-01 2.81137374e-01 -3.25468376e-01 
5.40000000e+00 3.99477839e-01 -3.32955529e-01 1.27283428e-01 3.37128225e-01 -4.12876859e-01 
5.50000000e+00 3.71638531e-01 -3.33368208e-01 8.44892053e-02 3.82311056e-01 -4.82649054e-01 
5.60000000e+00 3.44724056e-01 -3.31298388e-01 4.00774914e-02 4.15574562e-01 -5.32060700e-01 
5.70000000e+00 3.18823382e-01 -3.26948275e-01 -5.13254999e-03 4.36236006e-01 -5.59312214e-01 
5.80000000e+00 2.94009159e-01 -3.20537318e-01 -5.03503987e-02 4.44041015e-01 -5.63579949e-01 
5.90000000e+00 2.70338332e-01 -3.12296790e-01 -9.48296456e-02 4.39147376e-01 -5.45020651e-01 
6.00000000e+00 2.47852909e-01 -3.02464629e-01 -1.37881283e-01 4.22094656e-01 -5.04731079e-01 
6.10000000e+00 2.26580853e-01 -2.91280637e-01 -1.78884639e-01 3.93761949e-01 -4.44666944e-01 
6.20000000e+00 2.06537085e-01 -2.78982094e-01 -2.17295863e-01 3.55316368e-01 -3.67527137e-01 
6.30000000e+00 1.87724556e-01 -2.65799873e-01 -2.52653937e-01 3.08155059e-01 -2.76610584e-01 
6.40000000e+00 1.70135376e-01 -2.51955070e-01 -2.84584256e-01 2.53843548e-01 -1.75653980e-01 
6.50000000e+00 1.53751984e-01 -2.37656196e-01 -3.12799913e-01 1.94053134e-01 -6.86590474e-02 
6.60000000e+00 1.38548316e-01 -2.23096909e-01 -3.37100813e-01 1.30499807e-01 4.02820772e-02 
6.70000000e+00 1.24490974e-01 -2.08454305e-01 -3.57370873e-01 6.48868992e-02 1.47155259e-01 
6.80000000e+00 1.11540371e-01 -1.93887721e-01 -3.73573510e-01 -1.14672763e-03 2.48179370e-01 
6.90000000e+00 9.96518311e-02 -1.79538036e-01 -3.85745710e-01 -6.60715432e-02 3.39941867e-01 
7.00000000e+00 8.87766418e-02 -1.65527410e-01 -3.93990949e-01 -1.28504273e-01 4.19510287e-01 
7.10000000e+00 7.88630406e-02 -1.51959436e-01 -3.98471260e-01 -1.87236335e-01 4.84516533e-01 
7.20000000e+00 6.98571323e-02 -1.38919629e-01 -3.99398711e-01 -2.41253630e-01 5.33212338e-01 
7.30000000e+00 6.17037270e-02 -1.26476212e-01 -3.97026584e-01 -2.89747888e-01 5.64495751e-01 
7.40000000e+00 5.43470981e-02 -1.14681145e-01 -3.91640492e-01 -3.32120092e-01 5.77909876e-01 
7.50000000e+00 4.77316555e-02 -1.03571331e-01 -3.83549662e-01 -3.67976734e-01 5.73616219e-01 
7.60000000e+00 4.18025352e-02 -9.31699631e-02 -3.73078590e-01 -3.97119878e-01 5.52345947e-01 
7.70000000e+00 3.65061054e-02 -8.34879488e-02 -3.60559224e-01 -4.19532078e-01 5.15333059e-01 
7.80000000e+00 3.17903926e-02 -7.45253864e-02 -3.46323825e-01 -4.35357335e-01 4.64233869e-01 
7.90000000e+00 2.76054291e-02 -6.62730386e-02 -3.30698585e-01 -4.44879206e-01 4.01037404e-01 
8.00000000e+00 2.39035302e-02 -5.87137793e-02 -3.13998100e-01 -4.48497206e-01 3.27971229e-01 
8.10000000e+00 2.06395017e-02 -5.18239846e-02 -2.96520712e-01 -4.46702517e-01 2.47406974e-01 
8.20000000e+00 1.77707877e-02 -4.55748444e-02 -2.78544743e-01 -4.40053932e-01 1.61769363e-01 
8.30000000e+00 1.52575618e-02 -3.99335782e-02 -2.60325610e-01 -4.29154813e-01 7.34520268e-02 
8.40000000e+00 1.30627696e-02 -3.48645443e-02 -2.42093771e-01 -4.14631719e-01 -1.52573057e-02 
8.50000000e+00 1.11521281e-02 -3.03302331e-02 -2.24053467e-01 -3.97115161e-01 -1.02240315e-01 
8.60000000e+00 9.49408850e-03 -2.62921419e-02 -2.06382166e-01 -3.77222866e-01 -1.85599074e-01 
8.70000000e+00 8.05976796e-03 -2.27115310e-02 -1.89230664e-01 -3.55545710e-01 -2.63693951e-01 
8.80000000e+00 6.82285659e-03 -1.95500637e-02 -1.72723719e-01 -3.32636418e-01 -3.35168489e-01 
8.90000000e+00 5.75950425e-03 -1.67703353e-02 -1.56961170e-01 -3.09000989e-01 -3.98961844e-01 
9.00000000e+00 4.84819237e-03 -1.43362983e-02 -1.42019414e-01 -2.85092706e-01 -4.54309798e-01 
9.10000000e+00 4.06959508e-03 -1.22135920e-02 -1.27953176e-01 -2.61308542e-01 -5.00735702e-01 
9.20000000e+00 3.40643355e-03 -1.03697854e-02 -1.14797494e-01 -2.37987706e-01 -5.38032937e-01 
9.30000000e+00 2.84332673e-03 -8.77454353e-03 -1.02569820e-01 -2.15412025e-01 -5.66240600e-01 
9.40000000e+00 2.36664171e-03 -7.39972680e-03 -9.12721942e-02 -1.93807879e-01 -5.85614175e-01 
9.50000000e+00 1.96434581e-03 -6.21943326e-03 -8.08934118e-02 -1.73349364e-01 -5.96592896e-01 
9.60000000e+00 1.62586267e-03 -5.20999265e-03 -7.14111469e-02 -1.54162373e-01 -5.99765419e-01 
9.70000000e+00 1.34193373e-03 -4.34992154e-03 -6.27939812e-02 -1.36329345e-01 -5.95835229e-01 
9.80000000e+00 1.10448647e-03 -3.61984730e-03 -5.50033087e-02 -1.19894387e-01 -5.85587050e-01 
9.90000000e+00 9.06510172e-04 -3.00240845e-03 -4.79950914e-02 -1.04868576e-01 -5.69855266e-01 
1.00000000e+01 7.41939963e-04 -2.48213771e-03 -4.17214475e-02 -9.12352334e-02 -5.49495175e-01 