#          b = 2
#          n:            1           2           3           4           5           6           7           8           9          10
# Eigenvalues: -4.723574083e-01 -1.198526271e-01 3.942431449e-03 1.769104105e-01 4.447129366e-01 7.571710995e-01 1.213006080e+00 1.695438311e+00 2.458809393e+00 3.219439565e+00 
#      r             u_1(r)        u_2(r)        u_3(r)        u_4(r)        u_5(r)        u_6(r)        u_7(r)        u_8(r)        u_9(r)        u_10(r)
1.000000000e-01 -2.02887276e-03 4.80772895e-04 6.91615097e-04 -1.03177138e-03 -9.66310936e-04 -8.34944549e-04 5.31297260e-04 3.92505552e-04 2.29167842e-04 2.07257405e-04 
2.00000000e-01 -8.15968079e-03 1.54912394e-03 2.32654976e-03 -3.75057918e-03 -3.71774883e-03 -3.47276332e-03 2.31108212e-03 1.75423979e-03 1.01364251e-03 9.05034351e-04 
3.00000000e-01 -1.84187551e-02 2.66187985e-03 4.21535549e-03 -7.44417834e-03 -7.80311359e-03 -7.90397929e-03 5.51409774e-03 4.33896389e-03 2.49330191e-03 2.19747372e-03 
4.00000000e-01 -3.27787034e-02 3.31209131e-03 5.66049935e-03 -1.12508663e-02 -1.24893424e-02 -1.38063719e-02 1.01208048e-02 8.33108312e-03 4.78911911e-03 4.17321113e-03 
5.00000000e-01 -5.11586000e-02 3.04332049e-03 5.99451679e-03 -1.42258587e-02 -1.68152929e-02 -2.05295489e-02 1.58579171e-02 1.37892503e-02 7.98339435e-03 6.90322511e-03 
6.00000000e-01 -7.34250764e-02 1.46197489e-03 4.61550233e-03 -1.54127299e-02 -1.96691555e-02 -2.71156037e-02 2.21596130e-02 2.05864878e-02 1.20927731e-02 1.04383365e-02 
7.00000000e-01 -9.93942892e-02 -1.75262349e-03 1.01845086e-03 -1.39153369e-02 -1.98833910e-02 -3.23566495e-02 2.81585083e-02 2.83549867e-02 1.70344431e-02 1.48043164e-02 
8.00000000e-01 -1.28834724e-01 -6.84066629e-03 -5.17880986e-03 -8.96573022e-03 -1.63396241e-02 -3.48862442e-02 3.27129587e-02 3.64452679e-02 2.25877136e-02 1.99922751e-02 
9.00000000e-01 -1.61470775e-01 -1.39569339e-02 -1.42160787e-02 1.61039792e-05 -8.07506134e-03 -3.32980994e-02 3.44736104e-02 4.39097207e-02 2.83552682e-02 2.59422224e-02 
1.00000000e+00 -1.96987028e-01 -2.31685810e-02 -2.61783054e-02 1.33742433e-02 5.61819208e-03 -2.62823749e-02 3.19877078e-02 4.95194150e-02 3.37304174e-02 3.25185399e-02 
1.10000000e+00 -2.35033154e-01 -3.44556096e-02 -4.09905234e-02 3.11833706e-02 2.51090653e-02 -1.27675876e-02 2.38349705e-02 5.18204312e-02 3.78782441e-02 3.94776151e-02 
1.20000000e+00 -2.75229319e-01 -4.77139261e-02 -5.84202000e-02 5.32317414e-02 5.03657489e-02 7.94502159e-03 8.78439816e-03 4.92319001e-02 3.97392000e-02 4.64299662e-02 
1.30000000e+00 -3.17171986e-01 -6.27608002e-02 -7.80866920e-02 7.90214589e-02 8.09216213e-02 3.60678120e-02 -1.40422822e-02 4.01828647e-02 3.80631202e-02 5.28015843e-02 
1.40000000e+00 -3.60440021e-01 -7.93424772e-02 -9.94771966e-02 1.07785915e-01 1.15872235e-01 7.12456654e-02 -4.50171827e-02 2.32795106e-02 3.14795317e-02 5.78015815e-02 
1.50000000e+00 -4.04600945e-01 -9.71436377e-02 -1.21968324e-01 1.38523266e-01 1.53904431e-01 1.12517030e-01 -8.38802112e-02 -2.51103769e-03 1.86065148e-02 6.04050770e-02 
1.60000000e+00 -4.49217245e-01 -1.15798352e-01 -1.44852215e-01 1.70043912e-01 1.93356302e-01 1.58323297e-01 -1.29656678e-01 -3.76785599e-02 -1.80454207e-03 5.93611027e-02 
1.70000000e+00 -4.93852610e-01 -1.34902147e-01 -1.67365946e-01 2.01029206e-01 2.32304441e-01 2.06568725e-01 -1.80631849e-01 -8.20101729e-02 -3.06967232e-02 5.32347073e-02 
1.80000000e+00 -5.38077977e-01 -1.54024777e-01 -1.88722910e-01 2.30098013e-01 2.68672954e-01 2.54728872e-01 -2.34391173e-01 -1.34474846e-01 -6.85222347e-02 4.04901007e-02 
1.90000000e+00 -5.81477284e-01 -1.72723301e-01 -2.08144763e-01 2.55877409e-01 3.00357124e-01 3.00001236e-01 -2.87929048e-01 -1.93171493e-01 -1.15063476e-01 1.96175318e-02 
2.00000000e+00 -6.23652840e-01 -1.90555059e-01 -2.24892616e-01 2.77073614e-01 3.25353547e-01 3.39488032e-01 -3.37822529e-01 -2.55355586e-01 -1.69283713e-01 -1.06991414e-02 
2.10000000e+00 -6.64230210e-01 -2.07090168e-01 -2.38296182e-01 2.92539356e-01 3.41888096e-01 3.70398023e-01 -3.80459763e-01 -3.17552380e-01 -2.29231776e-01 -5.13840297e-02 
2.20000000e+00 -7.02862555e-01 -2.21923204e-01 -2.47779759e-01 3.01334105e-01 3.48533200e-01 3.90252309e-01 -4.12307012e-01 -3.75756315e-01 -2.92023445e-01 -1.02756818e-01 
2.30000000e+00 -7.39234362e-01 -2.34683745e-01 -2.52884076e-01 3.02774108e-01 3.44306647e-01 3.97078219e-01 -4.30193434e-01 -4.25706801e-01 -3.53917182e-01 -1.64329560e-01 
2.40000000e+00 -7.73064528e-01 -2.45045544e-01 -2.53283265e-01 2.96469744e-01 3.28745364e-01 3.89575950e-01 -4.31589814e-01 -4.63221393e-01 -4.10493731e-01 -2.34640221e-01 
2.50000000e+00 -8.04108757e-01 -2.52734107e-01 -2.48796427e-01 2.82348444e-01 3.01949308e-01 3.67244361e-01 -4.14856665e-01 -4.84559433e-01 -4.56938464e-01 -3.11152074e-01 
2.60000000e+00 -8.32161262e-01 -2.57532560e-01 -2.39393535e-01 2.60662228e-01 2.64592563e-01 3.30455179e-01 -3.79438518e-01 -4.86783558e-01 -4.88413160e-01 -3.90245886e-01 
2.70000000e+00 -8.57055783e-01 -2.59285696e-01 -2.25195624e-01 2.31979715e-01 2.17900902e-01 2.80468645e-01 -3.25984900e-01 -4.68083823e-01 -5.00491547e-01 -4.67325695e-01 
2.80000000e+00 -8.78665915e-01 -2.57902202e-01 -2.06469493e-01 1.97163255e-01 1.63597175e-01 2.19387930e-01 -2.56384014e-01 -4.28030128e-01 -4.89621900e-01 -5.37048889e-01 
2.90000000e+00 -8.96904802e-01 -2.53355084e-01 -1.83617304e-01 1.57332573e-01 1.03817928e-01 1.50054204e-01 -1.73702143e-01 -3.67723195e-01 -4.53571864e-01 -5.93678093e-01 
3.00000000e+00 -9.11724210e-01 -2.45680382e-01 -1.57161704e-01 1.13816941e-01 4.10063851e-02 7.58887095e-02 -8.20295769e-02 -2.89822370e-01 -3.91806677e-01 -6.31537248e-01 
3.10000000e+00 -9.23113055e-01 -2.34974304e-01 -1.27727202e-01 6.80983959e-02 -2.22117307e-02 6.92083215e-04 1.37582291e-02 -1.98439168e-01 -3.05753247e-01 -6.45538935e-01 
3.20000000e+00 -9.31095425e-01 -2.21388948e-01 -9.60186621e-02 2.17488942e-02 -8.31620987e-02 -7.15855866e-02 1.08308245e-01 -9.88979457e-02 -1.98909255e-01 -6.31736524e-01 
3.30000000e+00 -9.35728180e-01 -2.05126821e-01 -6.27978341e-02 -2.36355252e-02 -1.39257616e-01 -1.37088359e-01 1.96144138e-01 2.62204458e-03 -7.67686232e-02 -5.87844941e-01 
3.40000000e+00 -9.37098190e-01 -1.86434364e-01 -2.88588796e-02 -6.65004510e-02 -1.88128368e-01 -1.92295061e-01 2.72040906e-01 9.95369183e-02 5.34488009e-02 -5.13669640e-01 
3.50000000e+00 -9.35319289e-01 -1.65594740e-01 4.99618041e-03 -1.05395684e-01 -2.27738585e-01 -2.34240540e-01 3.31391485e-01 1.85364463e-01 1.83256027e-01 -4.11385841e-01 
3.60000000e+00 -9.30529024e-01 -1.42920119e-01 3.79812099e-02 -1.39031958e-01 -2.56484358e-01 -2.60702557e-01 3.70537214e-01 2.54243502e-01 3.03518464e-01 -2.85619789e-01 
3.70000000e+00 -9.22885273e-01 -1.18743701e-01 6.93481005e-02 -1.66329450e-01 -2.73267264e-01 -2.70341844e-01 3.87036631e-01 3.01420566e-01 4.05187407e-01 -1.43300268e-01 
3.80000000e+00 -9.12562801e-01 -9.34117195e-02 9.84066275e-02 -1.86456187e-01 -2.77540556e-01 -2.62786156e-01 3.79851768e-01 3.23659719e-01 4.80085137e-01 6.72942541e-03 
3.90000000e+00 -8.99749826e-01 -6.72756337e-02 1.24541471e-01 -1.98855041e-01 -2.69326300e-01 -2.38653124e-01 3.49437424e-01 3.19537257e-01 5.21669230e-01 1.54323466e-01 
4.00000000e+00 -8.84644664e-01 -4.06847105e-02 1.47225992e-01 -2.03258543e-01 -2.49203510e-01 -1.99510946e-01 2.97726390e-01 2.89592659e-01 5.25700697e-01 2.88827867e-01 
4.10000000e+00 -8.67452497e-01 -1.39791612e-02 1.66032519e-01 -1.99691372e-01 -2.18268999e-01 -1.47780152e-01 2.28011503e-01 2.36319686e-01 4.90745261e-01 3.99992045e-01 
4.20000000e+00 -8.48382329e-01 1.25160241e-02 1.80639025e-01 -1.88460925e-01 -1.78074021e-01 -8.65836122e-02 1.44733202e-01 1.63995688e-01 4.18449513e-01 4.78914157e-01 
4.30000000e+00 -8.27644161e-01 3.84964370e-02 1.90832244e-01 -1.70136880e-01 -1.30541013e-01 -1.95552329e-02 5.31882215e-02 7.83617211e-02 3.13552839e-01 5.18926508e-01 
4.40000000e+00 -8.05446421e-01 6.36827303e-02 1.96507383e-01 -1.45521139e-01 -7.78655537e-02 4.93797021e-02 -4.08193037e-02 -1.38205745e-02 1.83620162e-01 5.16326743e-01 
4.50000000e+00 -7.81993677e-01 8.78241721e-02 1.97664714e-01 -1.15609871e-01 -2.24091910e-02 1.16238050e-01 -1.31359144e-01 -1.05298319e-01 3.85073876e-02 4.70870415e-01 
4.60000000e+00 -7.57484648e-01 1.10701260e-01 1.94403394e-01 -8.15496380e-02 3.34110721e-02 1.77211195e-01 -2.12761612e-01 -1.88898329e-01 -1.10401809e-01 3.85960352e-01 
4.70000000e+00 -7.32110512e-01 1.32127413e-01 1.86912956e-01 -4.45897433e-02 8.72310102e-02 2.28881821e-01 -2.79982609e-01 -2.58091500e-01 -2.51125347e-01 2.68496358e-01 
4.80000000e+00 -7.06053527e-01 1.51949773e-01 1.75462944e-01 -6.03297708e-03 1.36839985e-01 2.68412091e-01 -3.28922343e-01 -3.07503334e-01 -3.72097358e-01 1.28382486e-01 
4.90000000e+00 -6.79485942e-01 1.70049197e-01 1.60391178e-01 3.28131192e-02 1.80269911e-01 2.93692499e-01 -3.56676842e-01 -3.33328411e-01 -4.63176307e-01 -2.22752286e-02 
5.00000000e+00 -6.52569199e-01 1.86339488e-01 1.42091143e-01 7.06825053e-02 2.15868872e-01 3.03443631e-01 -3.61706711e-01 -3.33615371e-01 -5.16552870e-01 -1.70213862e-01 
5.10000000e+00 -6.25453387e-01 2.00765998e-01 1.20998976e-01 1.06392677e-01 2.42356894e-01 2.97266291e-01 -3.43913781e-01 -3.08400571e-01 -5.27471095e-01 -3.02206762e-01 
5.20000000e+00 -5.98276954e-01 2.13303669e-01 9.75804816e-02 1.38881047e-01 2.58862465e-01 2.75638957e-01 -3.04622922e-01 -2.59681806e-01 -4.94692297e-01 -4.06291052e-01 
5.30000000e+00 -5.71166621e-01 2.23954645e-01 7.23185550e-02 1.67234570e-01 2.64939436e-01 2.39864840e-01 -2.46472897e-01 -1.91237202e-01 -4.20654304e-01 -4.72908266e-01 
5.40000000e+00 -5.44237488e-01 2.32745553e-01 4.57013503e-02 1.90711888e-01 2.60564920e-01 1.91973871e-01 -1.73226098e-01 -1.08307202e-01 -3.11306765e-01 -4.95842100e-01 
5.50000000e+00 -5.17593301e-01 2.39724562e-01 1.82114405e-02 2.08757635e-01 2.46119664e-01 1.34587445e-01 -8.95121049e-02 -1.71685366e-02 -1.75633464e-01 -4.72854904e-01 
5.60000000e+00 -4.91326836e-01 2.44958326e-01 -9.68382487e-03 2.21008906e-01 2.22353062e-01 7.07556845e-02 -5.23800475e-04 7.53628897e-02 -2.49020853e-02 -4.05953000e-01 
5.70000000e+00 -4.65520392e-01 2.48528888e-01 -3.75406394e-02 2.27294229e-01 1.90335495e-01 3.77806957e-03 8.83128961e-02 1.62458611e-01 1.28292497e-01 -3.01247316e-01 
5.80000000e+00 -4.40246351e-01 2.50530654e-01 -6.49456630e-02 2.27625680e-01 1.51401040e-01 -6.29812505e-02 1.71673778e-01 2.37791184e-01 2.71105894e-01 -1.68416448e-01 
5.90000000e+00 -4.15567787e-01 2.51067479e-01 -9.15215343e-02 2.22184994e-01 1.07083710e-01 -1.26272557e-01 2.44654394e-01 2.95994905e-01 3.91546130e-01 -1.98196585e-02 
6.00000000e+00 -3.91539089e-01 2.50249945e-01 -1.16931003e-01 2.11304755e-01 5.90503920e-02 -1.83124142e-01 3.03052230e-01 3.33039672e-01 4.79501057e-01 1.30656629e-01 
6.10000000e+00 -3.68206603e-01 2.48192862e-01 -1.40879749e-01 1.95445805e-01 9.03347501e-03 -2.30982027e-01 3.43597091e-01 3.46492437e-01 5.27599833e-01 2.68907669e-01 
6.20000000e+00 -3.45609251e-01 2.45013027e-01 -1.63117997e-01 1.75172123e-01 -4.12341277e-02 -2.67819442e-01 3.64117753e-01 3.35650766e-01 5.31832830e-01 3.81947011e-01 
6.30000000e+00 -3.23779129e-01 2.40827268e-01 -1.83441025e-01 1.51124385e-01 -9.00792332e-02 -2.92211934e-01 3.63637548e-01 3.01543821e-01 4.91877024e-01 4.59140046e-01 
6.40000000e+00 -3.02742072e-01 2.35750766e-01 -2.01688728e-01 1.23993368e-01 -1.35942030e-01 -3.03376278e-01 3.42396312e-01 2.46806673e-01 4.11101187e-01 4.93213730e-01 
6.50000000e+00 -2.82518177e-01 2.29895666e-01 -2.17744353e-01 9.44942488e-02 -1.77421686e-01 -3.01173636e-01 3.01800754e-01 1.75443343e-01 2.96254356e-01 4.80944091e-01 
6.60000000e+00 -2.63122283e-01 2.23369962e-01 -2.31532553e-01 6.33427082e-02 -2.13312967e-01 -2.86079421e-01 2.44309532e-01 9.25015972e-02 1.56869322e-01 4.23455449e-01 
6.70000000e+00 -2.44564409e-01 2.16276637e-01 -2.43016890e-01 3.12335814e-02 -2.42633377e-01 -2.59124082e-01 1.73262892e-01 3.68793073e-03 4.43761639e-03 3.26103979e-01 
6.80000000e+00 -2.26850141e-01 2.08713032e-01 -2.52196915e-01 -1.17740390e-03 -2.64640724e-01 -2.21810296e-01 9.26694746e-02 -8.50460980e-02 -1.48568513e-01 1.97959422e-01 
6.90000000e+00 -2.09980990e-01 2.00770430e-01 -2.59104937e-01 -3.32884396e-02 -2.78841401e-01 -1.76012977e-01 6.96465790e-03 -1.67914858e-01 -2.89740010e-01 5.09380336e-02 
7.00000000e+00 -1.93954704e-01 1.92533807e-01 -2.63802570e-01 -6.45628328e-02 -2.84989963e-01 -1.23868846e-01 -7.92443417e-02 -2.39677903e-01 -4.07750148e-01 -1.01326704e-01 
7.10000000e+00 -1.78765553e-01 1.84081744e-01 -2.66377174e-01 -9.45365909e-02 -2.83080830e-01 -6.76623276e-02 -1.61431572e-01 -2.95962775e-01 -4.93262981e-01 -2.44764727e-01 
7.20000000e+00 -1.64404594e-01 1.75486453e-01 -2.66938228e-01 -1.22822559e-01 -2.73333123e-01 -9.71403592e-03 -2.35389618e-01 -3.33512456e-01 -5.39657348e-01 -3.66177624e-01 
7.30000000e+00 -1.50859906e-01 1.66813893e-01 -2.65613727e-01 -1.49111394e-01 -2.56169763e-01 4.77226019e-02 -2.97438794e-01 -3.50345408e-01 -5.43510930e-01 -4.54450171e-01 
7.40000000e+00 -1.38116822e-01 1.58123963e-01 -2.62546651e-01 -1.73169774e-01 -2.32192030e-01 1.02552105e-01 -3.44598366e-01 -3.45823201e-01 -5.04811248e-01 -5.01552609e-01 
7.50000000e+00 -1.26158144e-01 1.49470740e-01 -2.57891534e-01 -1.94836291e-01 -2.02150782e-01 1.52911746e-01 -3.74712683e-01 -3.20627669e-01 -4.26884908e-01 -5.03243437e-01 
7.60000000e+00 -1.14964356e-01 1.40902742e-01 -2.51811193e-01 -2.14015525e-01 -1.66915541e-01 1.97228316e-01 -3.86528050e-01 -2.76655579e-01 -3.16060421e-01 -4.59413022e-01 
7.70000000e+00 -1.04513840e-01 1.32463214e-01 -2.44473627e-01 -2.30670820e-01 -1.27442550e-01 2.34255998e-01 -3.79719184e-01 -2.16843822e-01 -1.81101673e-01 -3.74043727e-01 
7.80000000e+00 -9.47830886e-02 1.24190408e-01 -2.36049128e-01 -2.44816232e-01 -8.47428712e-02 2.63095593e-01 -3.54866908e-01 -1.44941699e-01 -3.24665507e-02 -2.54798870e-01 
7.90000000e+00 -8.57469200e-02 1.16117864e-01 -2.26707607e-01 -2.56508120e-01 -3.98514370e-02 2.83196349e-01 -3.13391277e-01 -6.52489005e-02 1.18542760e-01 -1.12287141e-01 
8.00000000e+00 -7.73787020e-02 1.08274681e-01 -2.16616174e-01 -2.65836777e-01 6.20210675e-03 2.94342417e-01 -2.57446422e-01 1.76616005e-02 2.60665544e-01 4.09222320e-02 
8.10000000e+00 -6.96505756e-02 1.00685772e-01 -2.05936958e-01 -2.72918433e-01 5.24200920e-02 2.96626501e-01 -1.89784989e-01 9.92174225e-02 3.83532711e-01 1.91437711e-01 
8.20000000e+00 -6.25336819e-02 9.33721021e-02 -1.94825204e-01 -2.77887899e-01 9.78604959e-02 2.90413650e-01 -1.13601091e-01 1.75101021e-01 4.78416221e-01 3.26230390e-01 
8.30000000e+00 -5.59983919e-02 8.63509235e-02 -1.83427634e-01 -2.80892045e-01 1.41657172e-01 2.76298214e-01 -3.23611529e-02 2.41470807e-01 5.38824148e-01 4.33758512e-01 
8.40000000e+00 -5.00145334e-02 7.96359878e-02 -1.71881088e-01 -2.82084223e-01 1.83036362e-01 2.55056971e-01 5.03680438e-02 2.95139081e-01 5.60902994e-01 5.04933848e-01 
8.50000000e+00 -4.45516166e-02 7.32377561e-02 -1.60311437e-01 -2.81619688e-01 2.21329343e-01 2.27601144e-01 1.31085387e-01 3.33700402e-01 5.43626258e-01 5.33850195e-01 
8.60000000e+00 -3.95790527e-02 6.71636010e-02 -1.48832768e-01 -2.79652020e-01 2.55981183e-01 1.94929730e-01 2.06507782e-01 3.55607725e-01 4.88766211e-01 5.18218681e-01 
8.70000000e+00 -3.50663645e-02 6.14180055e-02 -1.37546830e-01 -2.76330478e-01 2.86555682e-01 1.58086072e-01 2.73702397e-01 3.60197015e-01 4.00662835e-01 4.59482769e-01 
8.80000000e+00 -3.09833867e-02 5.60027609e-02 -1.26542736e-01 -2.71798207e-01 3.12736704e-01 1.18119154e-01 3.30193923e-01 3.47663990e-01 2.85818592e-01 3.62615155e-01 
8.90000000e+00 -2.73004518e-02 5.09171667e-02 -1.15896897e-01 -2.66191170e-01 3.34326164e-01 7.60506101e-02 3.74043622e-01 3.18998992e-01 1.52359109e-01 2.35626312e-01 
9.00000000e+00 -2.39885620e-02 4.61582322e-02 -1.05673179e-01 -2.59637680e-01 3.51239027e-01 3.28479415e-02 4.03898643e-01 2.75887656e-01 9.40727171e-03 8.88378725e-02 
9.10000000e+00 -2.10195430e-02 4.17208822e-02 -9.59232513e-02 -2.52258392e-01 3.63495729e-01 -1.05959346e-02 4.19011657e-01 2.20586031e-01 -1.33578594e-01 -6.60084275e-02 
9.20000000e+00 -1.83661798e-02 3.75981658e-02 -8.66871141e-02 -2.44166611e-01 3.71212458e-01 -5.34770677e-02 4.19232369e-01 1.55779189e-01 -2.67452748e-01 -2.16725205e-01 
9.30000000e+00 -1.60023334e-02 3.37814679e-02 -7.79937679e-02 -2.35468814e-01 3.74589788e-01 -9.50892988e-02 4.04973669e-01 8.44320927e-02 -3.83971264e-01 -3.51653513e-01 
9.40000000e+00 -1.39030374e-02 3.02607225e-02 -6.98620077e-02 -2.26265255e-01 3.73900132e-01 -1.34828237e-01 3.77156173e-01 9.64087255e-03 -4.76285150e-01 -4.60557388e-01 
9.50000000e+00 -1.20445746e-02 2.70246259e-02 -6.23013083e-02 -2.16650581e-01 3.69474493e-01 -1.72191208e-01 3.37135620e-01 -6.55084319e-02 -5.39309965e-01 -5.35370738e-01 
9.60000000e+00 -1.04045348e-02 2.40608476e-02 -5.53127774e-02 -2.06714378e-01 3.61688964e-01 -2.06774021e-01 2.86617956e-01 -1.38067841e-01 -5.69955526e-01 -5.70744522e-01 
9.70000000e+00 -8.96185295e-03 2.13562378e-02 -4.88901485e-02 -1.96541612e-01 3.50951388e-01 -2.38265413e-01 2.27567073e-01 -2.05337708e-01 -5.67210626e-01 -5.64361494e-01 
9.80000000e+00 -7.69682999e-03 1.88970268e-02 -4.30207899e-02 -1.86212927e-01 3.37688562e-01 -2.66439913e-01 1.62110018e-01 -2.64956291e-01 -5.32088279e-01 -5.17006498e-01 
9.90000000e+00 -6.59113714e-03 1.66690176e-02 -3.76867079e-02 -1.75804805e-01 3.22334276e-01 -2.91149820e-01 9.24441093e-02 -3.14966997e-01 -4.67446226e-01 -4.32400516e-01 
1.00000000e+01 -5.62780501e-03 1.46577662e-02 -3.28655222e-02 -1.65389572e-01 3.05318475e-01 -3.12316820e-01 2.07498493e-02 -3.53862888e-01 -3.77704734e-01 -3.16824752e-01 