#          b = 0.5
#          n:            1           2           3           4           5           6           7           8           9          10
# Eigenvalues: -4.483073787e-01 8.471401626e-01 3.090381805e+00 6.326996072e+00 1.075246531e+01 1.629184652e+01 2.348819979e+01 3.215732287e+01 4.389262813e+01 5.861020748e+01 
#      r             u_1(r)        u_2(r)        u_3(r)        u_4(r)        u_5(r)        u_6(r)        u_7(r)        u_8(r)        u_9(r)        u_10(r)
1.000000000e-01 4.43563728e-02 5.99513017e-02 -6.37628278e-02 4.79551320e-02 2.62168796e-02 -7.32031720e-03 -1.37577887e-03 -5.07939054e-03 -3.66458526e-03 -3.65655896e-03 
2.00000000e-01 1.55899437e-01 2.12533402e-01 -2.46344383e-01 2.24737169e-01 1.69849324e-01 -9.78435830e-02 4.11984386e-02 -2.66626344e-04 -1.01338454e-02 -1.56214369e-02 
3.00000000e-01 2.98188056e-01 3.89352597e-01 -4.61427493e-01 4.70451012e-01 4.31862691e-01 -3.42165027e-01 2.29241425e-01 1.02359805e-01 2.57729595e-02 -2.27077296e-02 
4.00000000e-01 4.35879219e-01 5.12647024e-01 -5.78622980e-01 6.16722084e-01 6.42958804e-01 -6.33899221e-01 5.58148082e-01 3.93018749e-01 2.07368173e-01 3.37266847e-02 
5.00000000e-01 5.41603876e-01 5.26913258e-01 -5.05960727e-01 5.16053648e-01 5.82472635e-01 -7.00097326e-01 7.82469314e-01 7.63749673e-01 5.81083425e-01 2.69311028e-01 
6.00000000e-01 5.99886420e-01 4.17368154e-01 -2.45695479e-01 1.68302972e-01 1.94823389e-01 -3.60742123e-01 5.81690664e-01 8.53653980e-01 9.23702457e-01 7.40270364e-01 
7.00000000e-01 6.07617410e-01 2.10276967e-01 1.06660339e-01 -2.59564444e-01 -3.14057748e-01 2.19443558e-01 -5.02401452e-02 3.96542940e-01 7.79774145e-01 1.21228512e+00 
8.00000000e-01 5.71650989e-01 -4.15861915e-02 4.13215888e-01 -5.35236865e-01 -6.12017541e-01 6.02106668e-01 -6.58910430e-01 -3.36653311e-01 -2.33427957e-02 1.16862053e+00 
9.00000000e-01 5.04785318e-01 -2.79891506e-01 5.60634815e-01 -5.07148371e-01 -4.97943729e-01 4.56294796e-01 -7.08883195e-01 -6.59833469e-01 -9.04595819e-01 3.50924615e-01 
1.00000000e+00 4.21539424e-01 -4.59155928e-01 5.06238467e-01 -1.93437004e-01 -5.84899743e-02 -1.14801583e-01 -1.40521042e-01 -2.14055318e-01 -9.41501279e-01 -6.75483722e-01 
1.10000000e+00 3.34829475e-01 -5.56853139e-01 2.84376555e-01 2.37326545e-01 4.01804343e-01 -6.36574533e-01 5.21698612e-01 5.27429761e-01 2.17190587e-02 -8.97637869e-01 
1.20000000e+00 2.54085818e-01 -5.74038935e-01 -2.14850820e-02 5.68551766e-01 5.85171396e-01 -6.68451105e-01 6.65035405e-01 7.20663574e-01 9.66047645e-01 -6.55047277e-02 
1.30000000e+00 1.84787527e-01 -5.28918205e-01 -3.19834680e-01 6.50122857e-01 3.95121747e-01 -1.76549228e-01 1.76578987e-01 1.16350352e-01 7.84469519e-01 8.10625417e-01 
1.40000000e+00 1.29008737e-01 -4.47382398e-01 -5.43679095e-01 4.60486646e-01 -3.12017043e-02 4.53959954e-01 -4.72812722e-01 -6.33830775e-01 -3.36286290e-01 6.20658312e-01 
1.50000000e+00 8.64414192e-02 -3.54265987e-01 -6.63651692e-01 9.42393148e-02 -4.41971382e-01 7.49287796e-01 -6.94309007e-01 -7.14261507e-01 -1.06040702e+00 -3.85730530e-01 
1.60000000e+00 5.54428603e-02 -2.67679351e-01 -6.83434814e-01 -3.02323499e-01 -6.29874437e-01 5.13176660e-01 -3.07899332e-01 -4.73038739e-02 -5.11681206e-01 -8.75696266e-01 
1.70000000e+00 3.38479607e-02 -1.97097930e-01 -6.26453602e-01 -6.03886764e-01 -5.26121187e-01 -6.37320675e-02 3.44941981e-01 6.63930486e-01 6.56494692e-01 -1.93807340e-01 
1.80000000e+00 1.94770475e-02 -1.44518414e-01 -5.22649201e-01 -7.50411106e-01 -1.97634306e-01 -5.90377518e-01 7.33790745e-01 7.17857854e-01 1.06526738e+00 7.59997333e-01 
1.90000000e+00 1.03913621e-02 -1.07253073e-01 -3.99773818e-01 -7.50540377e-01 2.17507759e-01 -7.63199272e-01 5.70424844e-01 1.01540992e-01 2.49688431e-01 7.29836302e-01 
2.00000000e+00 4.98846910e-03 -8.08863136e-02 -2.79361317e-01 -6.55209079e-01 5.82723134e-01 -5.31677089e-01 -1.17374576e-02 -5.88176732e-01 -8.56794499e-01 -2.54422713e-01 
2.10000000e+00 2.01517184e-03 -6.13920989e-02 -1.75627253e-01 -5.23333496e-01 8.09572386e-01 -6.34560936e-02 -6.08679794e-01 -7.67525080e-01 -1.04762075e+00 -9.50017784e-01 
2.20000000e+00 5.42868520e-04 -4.60838641e-02 -9.57719780e-02 -3.97697875e-01 8.71435126e-01 4.08743562e-01 -8.48983274e-01 -3.46799459e-01 -1.50495039e-01 -4.92647131e-01 
2.30000000e+00 -7.53185253e-05 -3.36174793e-02 -4.10407158e-02 -2.97571220e-01 7.92970400e-01 7.24992440e-01 -6.12883245e-01 3.05936688e-01 9.02728231e-01 5.78774434e-01 
2.40000000e+00 -2.57678188e-04 -2.35152598e-02 -8.36485732e-03 -2.24087746e-01 6.27711497e-01 8.45106602e-01 -5.04368850e-02 7.38026271e-01 1.11504492e+00 1.03216951e+00 
2.50000000e+00 -2.51070357e-04 -1.56380394e-02 7.65975754e-03 -1.70146868e-01 4.34291072e-01 8.14948051e-01 5.58198670e-01 7.29209859e-01 3.49348671e-01 3.66480082e-01 
2.60000000e+00 -1.85140829e-04 -9.83983138e-03 1.29002296e-02 -1.28265903e-01 2.58666372e-01 7.06312304e-01 9.74577694e-01 3.48330641e-01 -6.96317333e-01 -7.19078803e-01 
2.70000000e+00 -1.17563475e-04 -5.84497263e-03 1.23489646e-02 -9.39862695e-02 1.25970400e-01 5.75107606e-01 1.10113789e+00 -1.83394354e-01 -1.21220418e+00 -1.15224064e+00 
2.80000000e+00 -6.71897959e-05 -3.27523649e-03 9.50689874e-03 -6.57649627e-02 4.15369354e-02 4.50034319e-01 9.79336301e-01 -6.54379362e-01 -9.06664774e-01 -5.47225767e-01 
2.90000000e+00 -3.52774661e-05 -1.73148051e-03 6.38618360e-03 -4.34507518e-02 -2.44107183e-03 3.40429343e-01 7.23868312e-01 -9.46903034e-01 -7.42907854e-02 5.53978385e-01 
3.00000000e+00 -1.72081979e-05 -8.64083779e-04 3.86764203e-03 -2.69480568e-02 -1.90328033e-02 2.47637441e-01 4.49771661e-01 -1.04006148e+00 7.63030220e-01 1.28169613e+00 
3.10000000e+00 -7.85245829e-06 -4.07383164e-04 2.14729141e-03 -1.56524997e-02 -2.06517615e-02 1.71600274e-01 2.29679054e-01 -9.74113649e-01 1.23719859e+00 1.15602261e+00 
3.20000000e+00 -3.36736566e-06 -1.81611813e-04 1.10366173e-03 -8.51230001e-03 -1.61942257e-02 1.12296843e-01 8.73163433e-02 -8.12466372e-01 1.27719457e+00 3.23888865e-01 
3.30000000e+00 -1.36140511e-06 -7.66250389e-05 5.28507621e-04 -4.33766178e-03 -1.06858514e-02 6.89901524e-02 1.31122791e-02 -6.15698689e-01 1.02538441e+00 -7.03405987e-01 
3.40000000e+00 -5.20154294e-07 -3.06241826e-05 2.36850287e-04 -2.07377177e-03 -6.24166218e-03 3.96634783e-02 -1.56113193e-02 -4.28321984e-01 6.77988611e-01 -1.45497098e+00 
3.50000000e+00 -1.88157703e-07 -1.16034793e-05 9.96634204e-05 -9.31520534e-04 -3.30441022e-03 2.13147218e-02 -2.04691535e-02 -2.75114033e-01 3.74531671e-01 -1.73208596e+00 
3.60000000e+00 -6.45343345e-08 -4.17140149e-06 3.94767749e-05 -3.93721358e-04 -1.60668145e-03 1.07082954e-02 -1.61338030e-02 -1.63742944e-01 1.69686233e-01 -1.59878895e+00 
3.70000000e+00 -2.10114637e-08 -1.42384322e-06 1.47493637e-05 -1.56806621e-04 -7.23464205e-04 5.03387430e-03 -1.02376175e-02 -9.05418466e-02 5.77624577e-02 -1.24352784e+00 
3.80000000e+00 -6.50055251e-09 -4.61765857e-07 5.20659152e-06 -5.89240057e-05 -3.03403314e-04 2.21706750e-03 -5.64153650e-03 -4.66120195e-02 8.86342138e-03 -8.46221821e-01 
3.90000000e+00 -1.91266792e-09 -1.42374362e-07 1.73895290e-06 -2.09170629e-05 -1.18994863e-04 9.16157268e-04 -2.78761505e-03 -2.23837380e-02 -6.48140435e-03 -5.14573045e-01 
4.00000000e+00 -5.35599970e-10 -4.17582458e-08 5.50164198e-07 -7.02218616e-06 -4.37825011e-05 3.55719015e-04 -1.25622951e-03 -1.00442897e-02 -7.92256544e-03 -2.83395101e-01 
4.10000000e+00 -1.42833271e-10 -1.16569318e-08 1.65049132e-07 -2.23175575e-06 -1.51498869e-05 1.29957881e-04 -5.21649391e-04 -4.21870919e-03 -5.48024751e-03 -1.42682744e-01 
4.20000000e+00 -3.62952527e-11 -3.09864209e-09 4.69938419e-08 -6.72083863e-07 -4.93997059e-06 4.47337534e-05 -2.00974876e-04 -1.66109697e-03 -3.01465809e-03 -6.61237769e-02 
4.30000000e+00 -8.79263166e-12 -7.84695874e-10 1.27092625e-08 -1.91940482e-07 -1.52043360e-06 1.45259210e-05 -7.21905242e-05 -6.14053420e-04 -1.43245601e-03 -2.83548636e-02 
4.40000000e+00 -2.03156747e-12 -1.89390086e-10 3.26707200e-09 -5.20244535e-08 -4.42332975e-07 4.45476031e-06 -2.42651320e-05 -2.13409025e-04 -6.08382617e-04 -1.12974827e-02 
4.50000000e+00 -4.47881134e-13 -4.35821797e-11 7.98788319e-10 -1.33921078e-08 -1.21785162e-07 1.29161592e-06 -7.65394636e-06 -6.98190113e-05 -2.35133999e-04 -4.19643560e-03 
4.60000000e+00 -9.42482168e-14 -9.56564748e-12 1.85860979e-10 -3.27617929e-09 -3.17657282e-08 3.54395873e-07 -2.27080728e-06 -2.15282057e-05 -8.36001805e-05 -1.45724781e-03 
4.70000000e+00 -1.89368675e-14 -2.00318221e-12 4.11769440e-11 -7.62109766e-10 -7.85676327e-09 9.21027777e-08 -6.34866896e-07 -6.26319505e-06 -2.75411668e-05 -4.74196397e-04 
4.80000000e+00 -3.63413790e-15 -4.00372417e-13 8.69031091e-12 -1.68667653e-10 -1.84418584e-09 2.26900817e-08 -1.67523808e-07 -1.72100708e-06 -8.45018973e-06 -1.44885249e-04 
4.90000000e+00 -6.66309364e-16 -7.63964713e-14 1.74791527e-12 -3.55324664e-11 -4.11111737e-10 5.30273609e-09 -4.17777405e-08 -4.47073528e-07 -2.42395059e-06 -4.16372405e-05 
5.00000000e+00 -1.16746872e-16 -1.39209032e-14 3.35183448e-13 -7.12847358e-12 -8.70954411e-11 1.17641272e-09 -9.85807072e-09 -1.09891624e-07 -6.51999943e-07 -1.12716286e-05 
5.10000000e+00 -1.95530548e-17 -2.42302771e-15 6.13029853e-14 -1.36247615e-12 -1.75456855e-11 2.47905781e-10 -2.20322158e-09 -2.55794134e-08 -1.64844276e-07 -2.87816071e-06 
5.20000000e+00 -3.13099037e-18 -4.02949935e-16 1.06970811e-14 -2.48194771e-13 -3.36294874e-12 4.96513505e-11 -4.66802117e-10 -5.64263027e-09 -3.92512078e-08 -6.94030497e-07 
5.30000000e+00 -4.79443681e-19 -6.40389212e-17 1.78143729e-15 -4.31068024e-14 -6.13564818e-13 9.45636048e-12 -9.38344539e-11 -1.18042446e-09 -8.81651222e-09 -1.58210017e-07 
5.40000000e+00 -7.02210240e-20 -9.72813727e-18 2.83220524e-16 -7.14061546e-15 -1.06607674e-13 1.71348111e-12 -1.79084286e-11 -2.34335973e-10 -1.87072894e-09 -3.41264896e-08 
5.50000000e+00 -9.83897498e-21 -1.41284738e-18 4.29978245e-17 -1.12849443e-15 -1.76476208e-14 2.95525653e-13 -3.24712305e-12 -4.41715216e-11 -3.75420098e-10 -6.97143246e-09 
5.60000000e+00 -1.31904663e-21 -1.96210740e-19 6.23514566e-18 -1.70202286e-16 -2.78433516e-15 4.85350769e-14 -5.59681173e-13 -7.91022005e-12 -7.13300433e-11 -1.34977519e-09 
5.70000000e+00 -1.69226329e-22 -2.60609177e-20 8.63830881e-19 -2.45049376e-17 -4.18841906e-16 7.59332980e-15 -9.17519925e-14 -1.34648352e-12 -1.28433190e-11 -2.47865620e-10 
5.80000000e+00 -2.07796845e-23 -3.31107624e-21 1.14364170e-19 -3.36881052e-18 -6.00919853e-17 1.13209933e-15 -1.43131703e-14 -2.17965622e-13 -2.19325231e-12 -4.31983282e-11 
5.90000000e+00 -2.44250302e-24 -4.02467077e-22 1.44717675e-20 -4.42323474e-19 -8.22536866e-18 1.60902097e-16 -2.12567698e-15 -3.35694106e-14 -3.55488658e-13 -7.14941977e-12 
6.00000000e+00 -2.74862072e-25 -4.68100060e-23 1.75069002e-21 -5.54808554e-20 -1.07446479e-18 2.18073713e-17 -3.00663196e-16 -4.92095870e-15 -5.47238122e-14 -1.12425543e-12 
6.10000000e+00 -2.96164657e-26 -5.21022177e-24 2.02504084e-22 -6.64935618e-21 -1.33981384e-19 2.81929237e-18 -4.05183641e-17 -6.86872093e-16 -8.00572987e-15 -1.68061652e-13 
6.20000000e+00 -3.05592380e-27 -5.55062275e-25 2.24012026e-23 -7.61618553e-22 -1.59522610e-20 3.47772147e-19 -5.20435930e-18 -9.13232440e-17 -1.11361927e-15 -2.38937711e-14 
6.30000000e+00 -3.01989669e-28 -5.66045098e-26 2.37024819e-24 -8.33873452e-23 -1.81396479e-21 4.09432835e-20 -6.37339371e-19 -1.15695224e-17 -1.47367163e-16 -3.23222634e-15 
6.40000000e+00 -2.85843786e-29 -5.52633522e-27 2.39921557e-25 -8.72863180e-24 -1.97043185e-22 4.60163594e-21 -7.44384014e-20 -1.39707100e-18 -1.85606042e-17 -4.16193604e-16 
6.50000000e+00 -2.59177306e-30 -5.16595633e-28 2.32360370e-26 -8.73675279e-25 -2.04508527e-23 4.93839510e-22 -8.29415435e-21 -1.60850516e-19 -2.22584290e-18 -5.10304557e-17 
6.60000000e+00 -2.25132893e-31 -4.62423145e-29 2.15344216e-27 -8.36338901e-26 -2.02845387e-24 5.06174090e-23 -8.81889175e-22 -1.76624804e-20 -2.54259797e-19 -5.96014882e-18 
6.70000000e+00 -1.87367753e-32 -3.96414432e-30 1.91003193e-28 -7.65790213e-27 -1.92310963e-25 4.95616407e-24 -8.95021675e-23 -1.85022021e-21 -2.76757330e-20 -6.63318199e-19 
6.80000000e+00 -1.49417983e-33 -3.25479779e-31 1.62158343e-29 -6.70804681e-28 -1.74303137e-26 4.63670412e-25 -8.67231330e-24 -1.84947445e-22 -2.87147641e-21 -7.03653091e-20 
6.90000000e+00 -1.14182468e-34 -2.55979285e-32 1.31789710e-30 -5.62213736e-29 -1.51057253e-27 4.14545997e-26 -8.02447102e-25 -1.76453823e-23 -2.84074725e-22 -7.11694866e-21 
7.00000000e+00 -8.36217461e-36 -1.92855310e-33 1.02545591e-31 -4.50903184e-30 -1.25193665e-28 3.54252683e-27 -7.09202975e-26 -1.60720265e-24 -2.68045643e-23 -6.86510049e-22 
7.10000000e+00 -5.86942301e-37 -1.39200979e-34 7.63999655e-33 -3.46095751e-31 -9.92414635e-30 2.89403751e-28 -5.98804275e-27 -1.39785085e-25 -2.41297726e-24 -6.31728253e-23 
7.20000000e+00 -3.94874965e-38 -9.62660524e-36 5.45073643e-34 -2.54268409e-32 -7.52551758e-31 2.26055759e-29 -4.83105806e-28 -1.16115607e-26 -2.07289915e-25 -5.54689946e-24 
7.30000000e+00 -2.54649039e-39 -6.37909295e-37 3.72431286e-35 -1.78822168e-33 -5.45973187e-32 1.68854958e-30 -3.72495557e-29 -9.21391828e-28 -1.69976556e-26 -4.64844155e-25 
7.40000000e+00 -1.57424258e-40 -4.05072553e-38 2.43729021e-36 -1.20401113e-34 -3.79013300e-33 1.20631877e-31 -2.74533804e-30 -6.98557763e-29 -1.33071512e-27 -3.71874763e-26 
7.50000000e+00 -9.32988137e-42 -2.46505523e-39 1.52783965e-37 -7.76184728e-36 -2.51790643e-34 8.24366997e-33 -1.93435916e-31 -5.06105184e-30 -9.94855613e-29 -2.84058978e-27 
7.60000000e+00 -5.30129483e-43 -1.43770887e-40 9.17477379e-39 -4.79146575e-37 -1.60095100e-35 5.38947887e-34 -1.30320319e-32 -3.50455080e-31 -7.10399149e-30 -2.07218470e-28 
7.70000000e+00 -2.88811562e-44 -8.03701867e-42 5.27832356e-40 -2.83257727e-38 -9.74358533e-37 3.37128456e-35 -8.39623953e-34 -2.31977692e-32 -4.84614021e-31 -1.44390268e-29 
7.80000000e+00 -1.50868421e-45 -4.30652341e-43 2.90947199e-41 -1.60378014e-39 -5.67686595e-38 2.01798923e-36 -5.17387658e-35 -1.46807533e-33 -3.15878474e-32 -9.61201248e-31 
7.90000000e+00 -7.55712584e-47 -2.21204229e-44 1.53667815e-42 -8.69752186e-41 -3.16659350e-39 1.15602465e-37 -3.04974785e-36 -8.88385907e-35 -1.96765919e-33 -6.11408394e-32 
8.00000000e+00 -3.63004456e-48 -1.08923285e-45 7.77739032e-44 -4.51824964e-42 -1.69126876e-40 6.33852213e-39 -1.71982335e-37 -5.14122131e-36 -1.17153972e-34 -3.71671626e-33 
8.10000000e+00 -1.67219079e-49 -5.14201840e-47 3.77222436e-45 -2.24855644e-43 -8.64988937e-42 3.32680538e-40 -9.27958840e-39 -2.84576946e-37 -6.66821263e-36 -2.15956062e-34 
8.20000000e+00 -7.38752572e-51 -2.32731985e-48 1.75348866e-46 -1.07208622e-44 -4.23667709e-43 1.67158752e-41 -4.79125347e-40 -1.50680434e-38 -3.62887380e-37 -1.19953627e-35 
8.30000000e+00 -3.13019532e-52 -1.00997615e-49 7.81228844e-48 -4.89756411e-46 -1.98744313e-44 8.04146622e-43 -2.36751941e-41 -7.63291352e-40 -1.88845209e-38 -6.37036833e-37 
8.40000000e+00 -1.27210312e-53 -4.20262808e-51 3.33618705e-49 -2.14380821e-47 -8.93006695e-46 3.70412893e-44 -1.11971698e-42 -3.69956394e-41 -9.39876060e-40 -3.23502311e-38 
8.50000000e+00 -4.95872613e-55 -1.67689922e-52 1.36566836e-50 -8.99242463e-49 -3.84361655e-47 1.63388089e-45 -5.06917978e-44 -1.71587535e-42 -4.47426689e-41 -1.57111482e-39 
8.60000000e+00 -1.85409788e-56 -6.41637491e-54 5.35904959e-52 -3.61477544e-50 -1.58483496e-48 6.90200572e-47 -2.19697147e-45 -7.61626853e-44 -2.03757471e-42 -7.29809994e-41 
8.70000000e+00 -6.65008315e-58 -2.35444811e-55 2.01605321e-53 -1.39260185e-51 -6.26063955e-50 2.79245760e-48 -9.11610423e-47 -3.23567222e-45 -8.87762701e-44 -3.24290675e-42 
8.80000000e+00 -2.28807322e-59 -8.28560629e-57 7.27128254e-55 -5.14209636e-53 -2.36959879e-51 1.08215273e-49 -3.62185873e-48 -1.31581620e-46 -3.70101705e-45 -1.37857762e-43 
8.90000000e+00 -7.55226357e-61 -2.79649289e-58 2.51441615e-56 -1.81989593e-54 -8.59373652e-53 4.01711512e-51 -1.37793511e-49 -5.12242234e-48 -1.47649912e-46 -5.60721814e-45 
9.00000000e+00 -2.39146559e-62 -9.05263997e-60 8.33684817e-58 -6.17405612e-56 -2.98654369e-54 1.42855033e-52 -5.02038797e-51 -1.90916913e-49 -5.63739350e-48 -2.18237125e-46 
9.10000000e+00 -7.26516991e-64 -2.81077517e-61 2.65048870e-59 -2.00787177e-57 -9.94632886e-56 4.86701845e-54 -1.75182968e-52 -6.81302863e-51 -2.06015481e-49 -8.12865113e-48 
9.20000000e+00 -2.11756337e-65 -8.37110804e-63 8.08033488e-61 -6.25987439e-59 -3.17460977e-57 1.58871550e-55 -5.85498911e-54 -2.32808757e-52 -7.20674710e-51 -2.89773759e-49 
9.30000000e+00 -5.92174808e-67 -2.39145303e-64 2.36228024e-62 -1.87103358e-60 -9.71129196e-59 4.96905058e-57 -1.87444281e-55 -7.61827848e-54 -2.41344032e-52 -9.88759799e-51 
9.40000000e+00 -1.58891156e-68 -6.55357673e-66 6.62293946e-64 -5.36173288e-62 -2.84739317e-60 1.48926603e-58 -5.74858938e-57 -2.38751808e-55 -7.73802438e-54 -3.22962931e-52 
9.50000000e+00 -4.09071078e-70 -1.72285051e-67 1.78076042e-65 -1.47318396e-63 -8.00249501e-62 4.27729505e-60 -1.68897550e-58 -7.16640634e-57 -2.37550966e-55 -1.00990893e-53 
9.60000000e+00 -1.01055423e-71 -4.34494256e-69 4.59211729e-67 -3.88111849e-65 -2.15592619e-63 1.17730707e-61 -4.75430774e-60 -2.06040502e-58 -6.98316385e-57 -3.02353899e-55 
9.70000000e+00 -2.39549025e-73 -1.05123984e-70 1.13576916e-68 -9.80447108e-67 -5.56794641e-65 3.10569351e-63 -1.28227449e-61 -5.67453858e-60 -1.96585108e-58 -8.66737609e-57 
9.80000000e+00 -5.44897589e-75 -2.44013897e-72 2.69434437e-70 -2.37507534e-68 -1.37857476e-66 7.85234891e-65 -3.31383905e-63 -1.49714756e-61 -5.30011068e-60 -2.37920613e-58 
9.90000000e+00 -1.18941234e-76 -5.43419859e-74 6.13080981e-72 -5.51740121e-70 -3.27235518e-68 1.90298685e-66 -8.20662380e-65 -3.78427832e-63 -1.36863298e-61 -6.25433793e-60 
1.00000000e+01 -2.49148394e-78 -1.16112094e-75 1.33813390e-73 -1.22917330e-71 -7.44741285e-70 4.42068408e-68 -1.94762557e-66 -9.16459543e-65 -3.38522451e-63 -1.57458762e-61 