#          b = 1.2
#          n:            1           2           3           4           5           6           7           8           9          10
# Eigenvalues: -4.919461446e-01 -8.090469106e-02 2.741203525e-01 8.009204848e-01 1.560513588e+00 2.477430159e+00 3.734975746e+00 5.156771413e+00 7.234374253e+00 9.545778493e+00 
#      r             u_1(r)        u_2(r)        u_3(r)        u_4(r)        u_5(r)        u_6(r)        u_7(r)        u_8(r)        u_9(r)        u_10(r)
1.000000000e-01 -7.48020550e-03 2.58250162e-03 -2.00165932e-03 8.08154353e-05 -1.33680548e-03 -2.01187701e-03 1.52956660e-03 1.25813185e-03 7.13290259e-04 6.57844148e-04 
2.00000000e-01 -2.94803492e-02 1.14127864e-02 -1.05864515e-02 -3.22187041e-03 -2.43076877e-03 -6.82705698e-03 6.09200587e-03 5.60434900e-03 3.24836571e-03 2.96891204e-03 
3.00000000e-01 -6.49633125e-02 2.74832580e-02 -2.86756532e-02 -1.50177850e-02 2.21704895e-03 -1.05922152e-02 1.20557457e-02 1.31096088e-02 7.95747189e-03 7.30499748e-03 
4.00000000e-01 -1.12434068e-01 5.09209545e-02 -5.76150635e-02 -3.92189696e-02 1.84286864e-02 -7.29684914e-03 1.53573952e-02 2.21678580e-02 1.45601565e-02 1.37947740e-02 
5.00000000e-01 -1.70010775e-01 8.10177398e-02 -9.69735210e-02 -7.75933170e-02 5.07247886e-02 9.85805980e-03 9.79443983e-03 2.89089375e-02 2.16513634e-02 2.22027108e-02 
6.00000000e-01 -2.35511588e-01 1.16325559e-01 -1.44575426e-01 -1.29197591e-01 1.00841159e-01 4.65238989e-02 -1.17602389e-02 2.71700306e-02 2.62037351e-02 3.17013995e-02 
7.00000000e-01 -3.06552234e-01 1.54805781e-01 -1.96753286e-01 -1.90284803e-01 1.66739642e-01 1.05174490e-01 -5.53603793e-02 9.32881541e-03 2.33061076e-02 4.05029040e-02 
8.00000000e-01 -3.80648982e-01 1.94017767e-01 -2.48780861e-01 -2.54699539e-01 2.42366977e-01 1.83535152e-01 -1.23646409e-01 -3.19200762e-02 6.45057833e-03 4.54045888e-02 
9.00000000e-01 -4.55321499e-01 2.31329421e-01 -2.95428134e-01 -3.14694668e-01 3.18260608e-01 2.73958775e-01 -2.13818089e-01 -1.01098097e-01 -3.13672696e-02 4.14355194e-02 
1.00000000e+00 -5.28190363e-01 2.64131688e-01 -3.31568062e-01 -3.62036582e-01 3.82924209e-01 3.64038729e-01 -3.16613198e-01 -1.97383434e-01 -9.56740516e-02 2.19072801e-02 
1.10000000e+00 -5.97064555e-01 2.90039826e-01 -3.52762713e-01 -3.89223731e-01 4.24734872e-01 4.38462480e-01 -4.16814076e-01 -3.12782640e-01 -1.87945514e-01 -2.07980336e-02 
1.20000000e+00 -6.60015095e-01 3.07066488e-01 -3.55762680e-01 -3.90630053e-01 4.34031430e-01 4.81805092e-01 -4.95448434e-01 -4.31847704e-01 -3.03084376e-01 -9.34967265e-02 
1.30000000e+00 -7.15432015e-01 3.13755056e-01 -3.38867288e-01 -3.63401490e-01 4.04991092e-01 4.81713464e-01 -5.33398008e-01 -5.33459819e-01 -4.27864984e-01 -1.99624540e-01 
1.40000000e+00 -7.62062973e-01 3.09265745e-01 -3.02111888e-01 -3.07975776e-01 3.36936604e-01 4.31802210e-01 -5.15701767e-01 -5.94666771e-01 -5.41270089e-01 -3.36321244e-01 
1.50000000e+00 -7.99033002e-01 2.93411390e-01 -2.47269964e-01 -2.28155201e-01 2.34819882e-01 3.33604538e-01 -4.35564444e-01 -5.95921387e-01 -6.17308872e-01 -4.92083282e-01 
1.60000000e+00 -8.25845942e-01 2.66644130e-01 -1.77679073e-01 -1.30728856e-01 1.08778579e-01 1.97094233e-01 -2.97045820e-01 -5.26517287e-01 -6.30247635e-01 -6.46077915e-01 
1.70000000e+00 -8.42369118e-01 2.29997964e-01 -9.79183507e-02 -2.47046948e-02 -2.71707226e-02 3.95807294e-02 -1.15637982e-01 -3.88747480e-01 -5.61360011e-01 -7.70041084e-01 
1.80000000e+00 -8.48803586e-01 1.84995178e-01 -1.33794894e-02 7.97367870e-02 -1.57087231e-01 -1.16884759e-01 8.36095165e-02 -1.99446120e-01 -4.05567230e-01 -8.33094641e-01 
1.90000000e+00 -8.45642869e-01 1.33526692e-01 7.02185830e-02 1.72422714e-01 -2.65384306e-01 -2.49141625e-01 2.70190736e-01 1.18762303e-02 -1.75970151e-01 -8.08914928e-01 
2.00000000e+00 -8.33623425e-01 7.77173770e-02 1.47319031e-01 2.44346624e-01 -3.39059522e-01 -3.36918968e-01 4.13706765e-01 2.08248258e-01 9.55215637e-02 -6.83715822e-01 
2.10000000e+00 -8.13670222e-01 1.97873900e-02 2.12972076e-01 2.88661786e-01 -3.69523487e-01 -3.66445717e-01 4.89753164e-01 3.52830765e-01 3.62438522e-01 -4.62817169e-01 
2.20000000e+00 -7.86840667e-01 -3.80802811e-02 2.63196088e-01 3.01394462e-01 -3.53753221e-01 -3.32985472e-01 4.84877874e-01 4.17183940e-01 5.72579694e-01 -1.73471878e-01 
2.30000000e+00 -7.54269871e-01 -9.38574963e-02 2.95227620e-01 2.81804874e-01 -2.94616757e-01 -2.41815600e-01 3.99529780e-01 3.88189822e-01 6.79728034e-01 1.37711487e-01 
2.40000000e+00 -7.17119765e-01 -1.45767340e-01 3.07647240e-01 2.32372018e-01 -2.00354849e-01 -1.07467399e-01 2.48339262e-01 2.71822124e-01 6.55476007e-01 4.13065182e-01 
2.50000000e+00 -6.76534081e-01 -1.92355004e-01 3.00381926e-01 1.58425941e-01 -8.33378440e-02 4.86288820e-02 5.76398766e-02 9.26625495e-02 4.97981529e-01 5.96492065e-01 
2.60000000e+00 -6.33600585e-01 -2.32531336e-01 2.74597095e-01 6.74916109e-02 4.16809310e-02 2.01659250e-01 -1.39278248e-01 -1.10909118e-01 2.34960088e-01 6.47501653e-01 
2.70000000e+00 -5.89321400e-01 -2.65589397e-01 2.32500703e-01 -3.15623638e-02 1.59534411e-01 3.27466293e-01 -3.08228789e-01 -2.94843683e-01 -8.04635905e-02 5.52875081e-01 
2.80000000e+00 -5.44591631e-01 -2.91196252e-01 1.77087660e-01 -1.29461788e-01 2.56542772e-01 4.06404762e-01 -4.20300803e-01 -4.19017919e-01 -3.80587836e-01 3.32391630e-01 
2.90000000e+00 -5.00186061e-01 -3.09363686e-01 1.11854825e-01 -2.17442527e-01 3.22091357e-01 4.26361219e-01 -4.56950920e-01 -4.56060634e-01 -5.98342992e-01 3.63804133e-02 
3.00000000e+00 -4.56753225e-01 -3.20402532e-01 4.05153191e-02 -2.88046813e-01 3.49701988e-01 3.84460457e-01 -4.13081398e-01 -3.97349885e-01 -6.83237040e-01 -2.64988543e-01 
3.10000000e+00 -4.14815893e-01 -3.24865820e-01 -3.32633867e-02 -3.35725652e-01 3.37505000e-01 2.87231438e-01 -2.97600449e-01 -2.54808043e-01 -6.13994586e-01 -4.98384485e-01 
3.20000000e+00 -3.74776772e-01 -3.23486005e-01 -1.06079418e-01 -3.57201510e-01 2.88112899e-01 1.49280861e-01 -1.31467013e-01 -5.81335445e-02 -4.04529415e-01 -6.05794245e-01 
3.30000000e+00 -3.36928155e-01 -3.17111238e-01 -1.74963340e-01 -3.51576477e-01 2.07977871e-01 -9.22857151e-03 5.63056186e-02 1.51816710e-01 -1.01509374e-01 -5.59844002e-01 
3.40000000e+00 -3.01464238e-01 -3.06644948e-01 -2.37487791e-01 -3.20200518e-01 1.06373569e-01 -1.65818440e-01 2.33865507e-01 3.31911418e-01 2.26097065e-01 -3.71632731e-01 
3.50000000e+00 -2.68494936e-01 -2.92992182e-01 -2.91821897e-01 -2.66338875e-01 -5.82868601e-03 -2.99092676e-01 3.71969561e-01 4.45853591e-01 5.03035140e-01 -8.86556801e-02 
3.60000000e+00 -2.38060132e-01 -2.77015109e-01 -3.36737146e-01 -1.94694960e-01 -1.17417727e-01 -3.91750908e-01 4.48706099e-01 4.71513219e-01 6.65437502e-01 2.16923313e-01 
3.70000000e+00 -2.10143543e-01 -2.59499080e-01 -3.71574364e-01 -1.10853997e-01 -2.17985172e-01 -4.32782628e-01 4.52737518e-01 4.04984323e-01 6.75823539e-01 4.66706567e-01 
3.80000000e+00 -1.84685534e-01 -2.41129650e-01 -3.96182757e-01 -2.07131151e-02 -2.98842032e-01 -4.18577942e-01 3.84625633e-01 2.60678193e-01 5.31777897e-01 5.96353927e-01 
3.90000000e+00 -1.61594477e-01 -2.22480081e-01 -4.10841783e-01 7.00433673e-02 -3.53644371e-01 -3.52887473e-01 2.56164987e-01 6.76730528e-02 2.66271117e-01 5.72314528e-01 
4.00000000e+00 -1.40756408e-01 -2.04008203e-01 -4.16175373e-01 1.56377377e-01 -3.78708411e-01 -2.45750758e-01 8.79877749e-02 -1.36672020e-01 -6.03227239e-02 4.00526807e-01 
4.10000000e+00 -1.22042925e-01 -1.86060951e-01 -4.13066065e-01 2.34209300e-01 -3.73033997e-01 -1.11658755e-01 -9.40383710e-02 -3.14333099e-01 -3.74434936e-01 1.24796622e-01 
4.20000000e+00 -1.05317399e-01 -1.68884692e-01 -4.02574462e-01 3.00596256e-01 -3.38083364e-01 3.26978502e-02 -2.62955586e-01 -4.33836661e-01 -6.06222679e-01 -1.84643660e-01 
4.30000000e+00 -9.04396704e-02 -1.52639343e-01 -3.85867287e-01 3.53779879e-01 -2.77378336e-01 1.70723708e-01 -3.94721254e-01 -4.75680087e-01 -7.05167526e-01 -4.49278508e-01 
4.40000000e+00 -7.72694515e-02 -1.37414383e-01 -3.64155634e-01 3.93120367e-01 -1.95984354e-01 2.87928435e-01 -4.71483580e-01 -4.35068367e-01 -6.50803261e-01 -6.02323249e-01 
4.50000000e+00 -6.56686918e-02 -1.23245152e-01 -3.38643641e-01 4.18942896e-01 -9.99462360e-02 3.73409662e-01 -4.83711147e-01 -3.21709435e-01 -4.56334706e-01 -6.05404042e-01 
4.60000000e+00 -5.55031572e-02 -1.10128098e-01 -3.10487091e-01 4.32327349e-01 4.26879460e-03 4.20680646e-01 -4.30977246e-01 -1.57016961e-01 -1.64673762e-01 -4.57721166e-01 
4.70000000e+00 -4.66434479e-02 -9.80340798e-02 -2.80761006e-01 4.34872771e-01 1.10277727e-01 4.27828528e-01 -3.21419941e-01 3.04736359e-02 1.61820679e-01 -1.95596284e-01 
4.80000000e+00 -3.89656446e-02 -8.69191749e-02 -2.50435245e-01 4.28464856e-01 2.12208110e-01 3.97087810e-01 -1.70087963e-01 2.10436557e-01 4.55275468e-01 1.17157129e-01 
4.90000000e+00 -3.23517289e-02 -7.67327995e-02 -2.20357237e-01 4.15068884e-01 3.05026527e-01 3.33982755e-01 3.48337531e-03 3.55798579e-01 6.56652320e-01 4.05301029e-01 
5.00000000e+00 -2.66898820e-02 -6.74232501e-02 -1.91241125e-01 3.96563285e-01 3.84762153e-01 2.46226176e-01 1.78055331e-01 4.46660223e-01 7.27413504e-01 6.00462810e-01 
5.10000000e+00 -2.18747231e-02 -5.89409684e-02 -1.63662761e-01 3.74621386e-01 4.48626806e-01 1.42561562e-01 3.33417630e-01 4.72589271e-01 6.56239443e-01 6.57108745e-01 
5.20000000e+00 -1.78075175e-02 -5.12399745e-02 -1.38060056e-01 3.50641996e-01 4.95039437e-01 3.17072316e-02 4.52717128e-01 4.33147004e-01 4.59789105e-01 5.62489746e-01 
5.30000000e+00 -1.43963624e-02 -4.42779665e-02 -1.14738175e-01 3.25723976e-01 5.23567715e-01 -7.84849020e-02 5.24130456e-01 3.36834455e-01 1.77843445e-01 3.38532680e-01 
5.40000000e+00 -1.15563386e-02 -3.80155755e-02 -9.38789640e-02 3.00676178e-01 5.34802639e-01 -1.81596531e-01 5.41748028e-01 1.98878653e-01 -1.35694482e-01 3.57015981e-02 
5.50000000e+00 -9.20961268e-03 -3.24152107e-02 -7.55538795e-02 2.76052294e-01 5.30184037e-01 -2.72927109e-01 5.05657832e-01 3.83924674e-02 -4.23774249e-01 -2.79265466e-01 
5.60000000e+00 -7.28547074e-03 -2.74398426e-02 -5.97395420e-02 2.52199964e-01 5.11795562e-01 -3.49526398e-01 4.21322503e-01 -1.24559923e-01 -6.36818195e-01 -5.38568245e-01 
5.70000000e+00 -5.72026827e-03 -2.30519706e-02 -4.63349488e-02 2.29314595e-01 4.82147370e-01 -4.10033323e-01 2.98420118e-01 -2.71551335e-01 -7.40995387e-01 -6.87914454e-01 
5.80000000e+00 -4.45728830e-03 -1.92129240e-02 -3.51793418e-02 2.07490395e-01 4.43963147e-01 -4.54390705e-01 1.49361932e-01 -3.87737509e-01 -7.22855415e-01 -6.97309964e-01 
5.90000000e+00 -3.44650553e-03 -1.58825541e-02 -2.60697717e-02 1.86763485e-01 3.99985673e-01 -4.83504088e-01 -1.22916465e-02 -4.63024010e-01 -5.89889526e-01 -5.66048534e-01 
6.00000000e+00 -2.64426244e-03 -1.30193064e-02 -1.87775064e-02 1.67144399e-01 3.52811856e-01 -4.98901924e-01 -1.73317451e-01 -4.92460668e-01 -3.67411697e-01 -3.21332197e-01 
6.10000000e+00 -2.01286902e-03 -1.05806122e-02 -1.30626060e-02 1.48639355e-01 3.04764422e-01 -5.02437993e-01 -3.22062964e-01 -4.75976867e-01 -9.27800039e-02 -1.13692457e-02 
6.20000000e+00 -1.52014222e-03 -8.52350841e-03 -8.68619223e-03 1.31261296e-01 2.57803592e-01 -4.96059141e-01 -4.49327820e-01 -4.17633118e-01 1.91683951e-01 3.05135029e-01 
6.30000000e+00 -1.13890360e-03 -6.80538700e-03 -5.42015693e-03 1.15032722e-01 2.13478437e-01 -4.81645249e-01 -5.48853560e-01 -3.24584132e-01 4.45690743e-01 5.70649163e-01 
6.40000000e+00 -8.46454516e-04 -5.38477838e-03 -3.05426449e-03 9.99828118e-02 1.72914495e-01 -4.60916046e-01 -6.17435300e-01 -2.05935010e-01 6.36738873e-01 7.39251372e-01 
6.50000000e+00 -6.24047018e-04 -4.22208818e-03 -1.40077999e-03 8.61413423e-02 1.36831890e-01 -4.35391550e-01 -6.54710776e-01 -7.16374306e-02 7.43877434e-01 7.83970224e-01 
6.60000000e+00 -4.56366810e-04 -3.28022728e-03 -2.96892379e-04 7.35315987e-02 1.05586763e-01 -4.06389704e-01 -6.62709171e-01 6.84712940e-02 7.59187871e-01 7.00008960e-01 
6.70000000e+00 -3.31041535e-04 -2.52509699e-03 3.94707864e-04 6.21639372e-02 7.92282682e-02 -3.75045084e-01 -6.45253625e-01 2.05427079e-01 6.87127581e-01 5.03754032e-01 
6.80000000e+00 -2.38184553e-04 -1.92591232e-03 7.86693071e-04 5.20310782e-02 5.75636270e-02 -3.42335437e-01 -6.07308996e-01 3.31673837e-01 5.42202249e-01 2.28271822e-01 
6.90000000e+00 -1.69981018e-04 -1.45536400e-03 9.68997955e-04 4.31056404e-02 4.02246573e-02 -3.09106795e-01 -5.54353541e-01 4.41379927e-01 3.45614797e-01 -8.34590548e-02 
7.00000000e+00 -1.20320016e-04 -1.08963345e-03 1.01137649e-03 3.53399551e-02 2.67304585e-02 -2.76092132e-01 -4.91833652e-01 5.30560301e-01 1.21574600e-01 -3.86112145e-01 
7.10000000e+00 -8.44738892e-05 -8.08283707e-04 9.66289238e-04 2.86678640e-02 1.65424800e-02 -2.43922128e-01 -4.24738487e-01 5.97038291e-01 -1.06133983e-01 -6.38995188e-01 
7.20000000e+00 -5.88236836e-05 -5.94054077e-04 8.71857717e-04 2.30079960e-02 9.10970247e-03 -2.13129109e-01 -3.57309900e-01 6.40284881e-01 -3.16888475e-01 -8.11395235e-01 
7.30000000e+00 -4.06280795e-05 -4.32587276e-04 7.54689481e-04 1.82679452e-02 3.90304077e-03 -1.84146723e-01 -2.92884782e-01 6.61172933e-01 -4.95032385e-01 -8.85687399e-01 
7.40000000e+00 -2.78320411e-05 -3.12116082e-04 6.32441749e-04 1.43487870e-02 4.39192622e-04 -1.57308249e-01 -2.33853482e-01 6.61681113e-01 -6.30698211e-01 -8.58083923e-01 
7.50000000e+00 -1.89107960e-05 -2.23133112e-04 5.16047581e-04 1.11494549e-02 -1.70502468e-03 -1.32846143e-01 -1.81709683e-01 6.44578053e-01 -7.19753937e-01 -7.37306628e-01 
7.60000000e+00 -1.27444970e-05 -1.58062783e-04 4.11574453e-04 8.57062486e-03 -2.88630020e-03 -1.10894580e-01 -1.37163809e-01 6.13112360e-01 -7.63077813e-01 -5.41744007e-01 
7.70000000e+00 -8.51896040e-06 -1.10949753e-04 3.21719548e-04 6.51788011e-03 -3.39463889e-03 -9.14958415e-02 -1.00292723e-01 5.70728717e-01 -7.65410962e-01 -2.95782388e-01 
7.80000000e+00 -5.64813437e-06 -7.71735430e-05 2.46969656e-04 4.90405730e-03 -3.45757194e-03 -7.46104829e-02 -7.07020186e-02 5.20824801e-01 -7.34033822e-01 -2.59891251e-02 
7.90000000e+00 -3.71434301e-06 -5.31950050e-05 1.86467552e-04 3.65077079e-03 -3.24714399e-03 -6.01305392e-02 -4.76824938e-02 4.66558204e-01 -6.77473910e-01 2.42292029e-01 
8.00000000e+00 -2.42282516e-06 -3.63369950e-05 1.38633042e-04 2.68918876e-03 -2.88831270e-03 -4.78946363e-02 -3.03481118e-02 4.10707287e-01 -6.04394282e-01 4.87553267e-01 
8.10000000e+00 -1.56758150e-06 -2.45990686e-05 1.01587340e-04 1.96017973e-03 -2.46769993e-03 -3.77037211e-02 -1.77483165e-02 3.55585225e-01 -5.22748566e-01 6.93760498e-01 
8.20000000e+00 -1.00603110e-06 -1.65042500e-05 7.34260611e-05 1.41397016e-03 -2.04193974e-03 -2.93362116e-02 -8.95220323e-03 3.03002616e-01 -4.39230618e-01 8.51013432e-01 
8.30000000e+00 -6.40429639e-07 -1.09747965e-05 5.23804374e-05 1.00945575e-03 -1.64514435e-03 -2.25615977e-02 -3.10558002e-03 2.54271195e-01 -3.59001575e-01 9.55361348e-01 
8.40000000e+00 -4.04404449e-07 -7.23330572e-06 3.68996431e-05 7.13297321e-04 -1.29523923e-03 -1.71518344e-02 5.35715568e-04 2.10239499e-01 -2.85647327e-01 1.00799107e+00 
8.50000000e+00 -2.53309130e-07 -4.72533804e-06 2.56803241e-05 4.98912053e-04 -9.99094044e-04 -1.28901914e-02 2.59163740e-03 1.71350746e-01 -2.21304778e-01 1.01403445e+00 
8.60000000e+00 -1.57391857e-07 -3.05985331e-06 1.76631309e-05 3.45446902e-04 -7.56498990e-04 -9.57751177e-03 3.55792482e-03 1.37713523e-01 -1.66893201e-01 9.81230270e-01 
8.70000000e+00 -9.70099701e-08 -1.96406469e-06 1.20106117e-05 2.36796929e-04 -5.63112136e-04 -7.03605896e-03 3.81558279e-03 1.09177057e-01 -1.22393908e-01 9.18633541e-01 
8.80000000e+00 -5.93143074e-08 -1.24972375e-06 8.07636971e-06 1.60709448e-04 -4.12541215e-04 -5.11128799e-03 3.64583262e-03 8.54043977e-02 -8.71334343e-02 8.35508194e-01 
8.90000000e+00 -3.59764150e-08 -7.88298479e-07 5.37191841e-06 1.07996553e-04 -2.97733489e-04 -3.67195317e-03 3.24737532e-03 6.59386931e-02 -6.00393403e-02 7.40479330e-01 
9.00000000e+00 -2.16470152e-08 -4.92947772e-07 3.53509407e-06 7.18643379e-05 -2.11838159e-04 -2.60898906e-03 2.75369390e-03 5.02595242e-02 -3.98509134e-02 6.40968585e-01 
9.10000000e+00 -1.29213021e-08 -3.05604355e-07 2.30206055e-06 4.73568906e-05 -1.48685729e-04 -1.83357383e-03 2.24892461e-03 3.78278992e-02 -2.52780385e-02 5.42895415e-01 
9.20000000e+00 -7.65154390e-09 -1.87837005e-07 1.48372635e-06 3.09064790e-05 -1.03003560e-04 -1.27472984e-03 1.78149149e-03 2.81198037e-02 -1.51096059e-02 4.50600801e-01 
9.30000000e+00 -4.49503213e-09 -1.14466930e-07 9.46633353e-07 1.99775420e-05 -7.04609353e-05 -8.76745893e-04 1.37520153e-03 2.06491674e-02 -8.27793396e-03 3.66936961e-01 
9.40000000e+00 -2.61977404e-09 -6.91624174e-08 5.97948717e-07 1.27905575e-05 -4.76130603e-05 -5.96632410e-04 1.03784384e-03 1.49817113e-02 -3.88823407e-03 2.93464807e-01 
9.50000000e+00 -1.51477634e-09 -4.14347972e-08 3.73988188e-07 8.11184578e-06 -3.17930176e-05 -4.01752331e-04 7.67547875e-04 1.07414391e-02 -1.22270515e-03 2.30706765e-01 
9.60000000e+00 -8.68946689e-10 -2.46137940e-08 2.31641561e-07 5.09635556e-06 -2.09842716e-05 -2.67712431e-04 5.57260364e-04 7.61158169e-03 2.71921143e-04 1.78412935e-01 
9.70000000e+00 -4.94542857e-10 -1.44985062e-08 1.42098124e-07 3.17201901e-06 -1.36938720e-05 -1.76553533e-04 3.97729321e-04 5.33168072e-03 1.00607102e-03 1.35810612e-01 
9.80000000e+00 -2.79246086e-10 -8.46860866e-09 8.63412559e-08 1.95601977e-06 -8.83751556e-06 -1.15244499e-04 2.79362363e-04 3.69225806e-03 1.27272297e-03 1.01818711e-01 
9.90000000e+00 -1.56440332e-10 -4.90520797e-09 5.19694511e-08 1.19507912e-06 -5.64152585e-06 -7.44624019e-05 1.93278171e-04 2.52823488e-03 1.27270528e-03 7.52185054e-02 
1.00000000e+01 -8.69550644e-11 -2.81754909e-09 3.09896249e-08 7.23485450e-07 -3.56293140e-06 -4.76280710e-05 1.31810051e-04 1.71196998e-03 1.13758428e-03 5.47794872e-02 