#          b = 6
#          n:            1           2           3           4           5           6           7           8           9          10
# Eigenvalues: -3.299526782e-01 -9.679628167e-02 -4.628056458e-02 -2.566984111e-02 -1.115161880e-03 2.702364899e-02 7.648100378e-02 1.209328951e-01 2.089244998e-01 2.755258772e-01 
#      r             u_1(r)        u_2(r)        u_3(r)        u_4(r)        u_5(r)        u_6(r)        u_7(r)        u_8(r)        u_9(r)        u_10(r)
1.000000000e-01 7.72340329e-05 -1.82402470e-04 1.38520790e-05 -1.56470644e-06 2.43272950e-06 -3.65320125e-06 3.55901531e-06 3.18273587e-06 7.18903733e-06 -6.67728944e-06 
2.00000000e-01 3.11658463e-04 -7.25225957e-04 6.56571182e-05 -1.43995681e-05 1.79039335e-05 -9.22385672e-06 1.73395719e-05 1.38015380e-05 2.98689926e-05 -2.75505217e-05 
3.00000000e-01 7.07250847e-04 -1.62097506e-03 1.70092636e-04 -5.06246792e-05 5.89762668e-05 -7.72565289e-06 4.67007912e-05 3.38803013e-05 6.97948170e-05 -6.38536680e-05 
4.00000000e-01 1.26784159e-03 -2.86094807e-03 3.40846412e-04 -1.22133561e-04 1.38466286e-04 1.09332524e-05 9.79236077e-05 6.60534063e-05 1.28855885e-04 -1.16786994e-04 
5.00000000e-01 1.99710675e-03 -4.43526478e-03 5.90543941e-04 -2.40464370e-04 2.69253538e-04 5.78100287e-05 1.78172065e-04 1.13625065e-04 2.09102300e-04 -1.87524757e-04 
6.00000000e-01 2.89856102e-03 -6.33289810e-03 9.30682343e-04 -4.16675171e-04 4.64087671e-04 1.44767637e-04 2.95432862e-04 1.80618305e-04 3.12771767e-04 -2.77226680e-04 
7.00000000e-01 3.97555095e-03 -8.54170926e-03 1.37157102e-03 -6.61224170e-04 7.35395560e-04 2.84297831e-04 4.58433097e-04 2.71811508e-04 4.42316092e-04 -3.87053252e-04 
8.00000000e-01 5.23124841e-03 -1.10484866e-02 1.92227934e-03 -9.83855739e-04 1.09509044e-03 4.89328792e-04 6.76536540e-04 3.92760517e-04 6.00426206e-04 -5.18184839e-04 
9.00000000e-01 6.66864431e-03 -1.38389878e-02 2.59059156e-03 -1.39349307e-03 1.55438497e-03 7.73019721e-04 9.59619085e-04 5.49804532e-04 7.90054594e-04 -6.71844428e-04 
1.00000000e+00 8.29054251e-03 -1.68979854e-02 3.38296916e-03 -1.89813818e-03 2.12361028e-03 1.14854486e-03 1.31792445e-03 7.50054166e-04 1.01443386e-03 -8.49323767e-04 
1.10000000e+00 1.00995541e-02 -2.02093149e-02 4.30452074e-03 -2.50477996e-03 2.81204258e-03 1.62886957e-03 1.76190147e-03 1.00136033e-03 1.27709012e-03 -1.05201246e-03 
1.20000000e+00 1.20980921e-02 -2.37559273e-02 5.35897966e-03 -3.21931092e-03 3.62773954e-03 2.22652132e-03 2.30202477e-03 1.31226289e-03 1.58185004e-03 -1.28142953e-03 
1.30000000e+00 1.42883657e-02 -2.75199422e-02 6.54868932e-03 -4.04645324e-03 4.57738764e-03 2.95335826e-03 2.94860083e-03 1.69191827e-03 1.93283995e-03 -1.53925672e-03 
1.40000000e+00 1.66723764e-02 -3.14827059e-02 7.87459629e-03 -4.98969445e-03 5.66616252e-03 3.82033852e-03 3.71156179e-03 2.15000575e-03 2.33447606e-03 -1.82737280e-03 
1.50000000e+00 1.92519124e-02 -3.56248499e-02 9.33625121e-03 -6.05123348e-03 6.89760350e-03 4.83729297e-03 4.60024967e-03 2.69661218e-03 2.79144435e-03 -2.14788787e-03 
1.60000000e+00 2.20285452e-02 -3.99263529e-02 1.09318173e-02 -7.23193708e-03 8.27350376e-03 6.01270447e-03 5.62319387e-03 3.34209579e-03 3.30866910e-03 -2.50317661e-03 
1.70000000e+00 2.50036253e-02 -4.43666045e-02 1.26580866e-02 -8.53130717e-03 9.79381721e-03 7.35349658e-03 6.78788502e-03 4.09692947e-03 3.89126910e-03 -2.89590943e-03 
1.80000000e+00 2.81782790e-02 -4.89244700e-02 1.45105035e-02 -9.94745920e-03 1.14565834e-02 8.86483428e-03 8.10054843e-03 4.97152504e-03 4.54450069e-03 -3.32907996e-03 
1.90000000e+00 3.15534049e-02 -5.35783583e-02 1.64831961e-02 -1.14771116e-02 1.32578707e-02 1.05499398e-02 9.56592054e-03 5.97603980e-03 5.27368702e-03 -3.80602784e-03 
2.00000000e+00 3.51296713e-02 -5.83062895e-02 1.85690139e-02 -1.31155865e-02 1.51917396e-02 1.24099256e-02 1.11870318e-02 7.12016751e-03 6.08413319e-03 -4.33045521e-03 
2.10000000e+00 3.89075139e-02 -6.30859647e-02 2.07595729e-02 -1.48568216e-02 1.72502250e-02 1.44436478e-02 1.29649998e-02 8.41291607e-03 6.98102709e-03 -4.90643548e-03 
2.20000000e+00 4.28871336e-02 -6.78948365e-02 2.30453072e-02 -1.66933930e-02 1.94233396e-02 1.66475809e-02 1.48988352e-02 9.86237460e-03 7.96932611e-03 -5.53841294e-03 
2.30000000e+00 4.70684949e-02 -7.27101797e-02 2.54155272e-02 -1.86165492e-02 2.16990971e-02 1.90157173e-02 1.69852655e-02 1.14754731e-02 9.05363023e-03 -6.23119184e-03 
2.40000000e+00 5.14513244e-02 -7.75091634e-02 2.78584829e-02 -2.06162551e-02 2.40635564e-02 2.15394924e-02 1.92185782e-02 1.32577379e-02 1.02380422e-02 -6.98991345e-03 
2.50000000e+00 5.60351103e-02 -8.22689222e-02 3.03614334e-02 -2.26812473e-02 2.65008852e-02 2.42077368e-02 2.15904878e-02 1.52130466e-02 1.15260162e-02 -7.82001994e-03 
2.60000000e+00 6.08191019e-02 -8.69666282e-02 3.29107222e-02 -2.47990980e-02 2.89934439e-02 2.70066572e-02 2.40900291e-02 1.73433863e-02 1.29201956e-02 -8.72720388e-03 
2.70000000e+00 6.58023089e-02 -9.15795622e-02 3.54918558e-02 -2.69562895e-02 3.15218890e-02 2.99198471e-02 2.67034799e-02 1.96486192e-02 1.44222431e-02 -9.71734239e-03 
2.80000000e+00 7.09835023e-02 -9.60851851e-02 3.80895881e-02 -2.91382967e-02 3.40652942e-02 3.29283267e-02 2.94143145e-02 2.21262601e-02 1.60326639e-02 -1.07964152e-02 
2.90000000e+00 7.63612151e-02 -1.00461207e-01 4.06880079e-02 -3.13296784e-02 3.66012899e-02 3.60106140e-02 3.22031914e-02 2.47712684e-02 1.77506255e-02 -1.19704061e-02 
3.00000000e+00 8.19337428e-02 -1.04685659e-01 4.32706299e-02 -3.35141764e-02 3.91062184e-02 3.91428254e-02 3.50479766e-02 2.75758610e-02 1.95737756e-02 -1.32451873e-02 
3.10000000e+00 8.76991453e-02 -1.08736957e-01 4.58204892e-02 -3.56748207e-02 4.15553050e-02 4.22988069e-02 3.79238028e-02 3.05293490e-02 2.14980630e-02 -1.46263878e-02 
3.20000000e+00 9.36552488e-02 -1.12593974e-01 4.83202376e-02 -3.77940420e-02 4.39228432e-02 4.54502937e-02 4.08031672e-02 3.36180013e-02 2.35175630e-02 -1.61192436e-02 
3.30000000e+00 9.97996477e-02 -1.16236099e-01 5.07522419e-02 -3.98537891e-02 4.61823914e-02 4.85670987e-02 4.36560663e-02 3.68249413e-02 2.56243118e-02 -1.77284347e-02 
3.40000000e+00 1.06129707e-01 -1.19643305e-01 5.30986843e-02 -4.18356506e-02 4.83069815e-02 5.16173274e-02 4.64501701e-02 4.01300773e-02 2.78081534e-02 -1.94579053e-02 
3.50000000e+00 1.12642567e-01 -1.22796209e-01 5.53416629e-02 -4.37209814e-02 5.02693365e-02 5.45676183e-02 4.91510326e-02 4.35100717e-02 3.00566025e-02 -2.13106723e-02 
3.60000000e+00 1.19335143e-01 -1.25676131e-01 5.74632931e-02 -4.54910308e-02 5.20420947e-02 5.73834064e-02 5.17223398e-02 4.69383518e-02 3.23547274e-02 -2.32886230e-02 
3.70000000e+00 1.26204134e-01 -1.28265150e-01 5.94458088e-02 -4.71270742e-02 5.35980406e-02 6.00292077e-02 5.41261928e-02 5.03851632e-02 3.46850569e-02 -2.53923029e-02 
3.80000000e+00 1.33246021e-01 -1.30546158e-01 6.12716625e-02 -4.86105444e-02 5.49103388e-02 6.24689229e-02 5.63234236e-02 5.38176682e-02 3.70275144e-02 -2.76206991e-02 
3.90000000e+00 1.40457076e-01 -1.32502912e-01 6.29236252e-02 -4.99231645e-02 5.59527694e-02 6.46661565e-02 5.82739428e-02 5.72000919e-02 3.93593836e-02 -2.99710196e-02 
4.00000000e+00 1.47833365e-01 -1.34120086e-01 6.43848837e-02 -5.10470790e-02 5.66999641e-02 6.65845497e-02 5.99371143e-02 6.04939138e-02 4.16553081e-02 -3.24384745e-02 
4.10000000e+00 1.55370753e-01 -1.35383309e-01 6.56391365e-02 -5.19649847e-02 5.71276390e-02 6.81881226e-02 6.12721553e-02 6.36581082e-02 4.38873290e-02 -3.50160606e-02 
4.20000000e+00 1.63064909e-01 -1.36279215e-01 6.66706866e-02 -5.26602578e-02 5.72128237e-02 6.94416246e-02 6.22385578e-02 6.66494303e-02 4.60249628e-02 -3.76943557e-02 
4.30000000e+00 1.70911313e-01 -1.36795477e-01 6.74645315e-02 -5.31170788e-02 5.69340847e-02 7.03108870e-02 6.27965265e-02 6.94227482e-02 4.80353215e-02 -4.04613253e-02 
4.40000000e+00 1.78905259e-01 -1.36920846e-01 6.80064499e-02 -5.33205533e-02 5.62717400e-02 7.07631771e-02 6.29074303e-02 7.19314187e-02 4.98832781e-02 -4.33021466e-02 
4.50000000e+00 1.87041866e-01 -1.36645183e-01 6.82830841e-02 -5.32568267e-02 5.52080642e-02 7.07675487e-02 6.25342610e-02 7.41277040e-02 5.15316765e-02 -4.61990556e-02 
4.60000000e+00 1.95316078e-01 -1.35959486e-01 6.82820185e-02 -5.29131950e-02 5.37274822e-02 7.02951861e-02 6.16420968e-02 7.59632264e-02 5.29415892e-02 -4.91312198e-02 
4.70000000e+00 2.03722678e-01 -1.34855917e-01 6.79918531e-02 -5.22782083e-02 5.18167496e-02 6.93197380e-02 6.01985625e-02 7.73894576e-02 5.40726204e-02 -5.20746438e-02 
4.80000000e+00 2.12256289e-01 -1.33327823e-01 6.74022722e-02 -5.13417667e-02 4.94651178e-02 6.78176384e-02 5.81742847e-02 7.83582368e-02 5.48832557e-02 -5.50021099e-02 
4.90000000e+00 2.20911384e-01 -1.31369754e-01 6.65041079e-02 -5.00952098e-02 4.66644831e-02 6.57684105e-02 5.55433334e-02 7.88223151e-02 5.53312557e-02 -5.78831598e-02 
5.00000000e+00 2.29682292e-01 -1.28977477e-01 6.52893978e-02 -4.85313970e-02 4.34095185e-02 6.31549514e-02 5.22836479e-02 7.87359175e-02 5.53740920e-02 -6.06841205e-02 
5.10000000e+00 2.38563207e-01 -1.26147989e-01 6.37514369e-02 -4.66447792e-02 3.96977858e-02 5.99637935e-02 4.83774395e-02 7.80553200e-02 5.49694227e-02 -6.33681790e-02 
5.20000000e+00 2.47548196e-01 -1.22879518e-01 6.18848236e-02 -4.44314612e-02 3.55298287e-02 5.61853405e-02 4.38115672e-02 7.67394328e-02 5.40756034e-02 -6.58955078e-02 
5.30000000e+00 2.56631204e-01 -1.19171532e-01 5.96854990e-02 -4.18892546e-02 3.09092443e-02 5.18140756e-02 3.85778812e-02 7.47503836e-02 5.26522302e-02 -6.82234456e-02 
5.40000000e+00 2.65806065e-01 -1.15024734e-01 5.71507804e-02 -3.90177205e-02 2.58427338e-02 4.68487380e-02 3.26735295e-02 7.20540958e-02 5.06607075e-02 -7.03067333e-02 
5.50000000e+00 2.75066508e-01 -1.10441060e-01 5.42793878e-02 -3.58182018e-02 2.03401305e-02 4.12924681e-02 2.61012236e-02 6.86208515e-02 4.80648379e-02 -7.20978087e-02 
5.60000000e+00 2.84406167e-01 -1.05423671e-01 5.10714637e-02 -3.22938448e-02 1.44144052e-02 3.51529170e-02 1.88694588e-02 6.44258349e-02 4.48314248e-02 -7.35471593e-02 
5.70000000e+00 2.93818590e-01 -9.99769385e-02 4.75285865e-02 -2.84496109e-02 8.08164938e-03 2.84423205e-02 1.09926859e-02 5.94496470e-02 4.09308820e-02 -7.46037323e-02 
5.80000000e+00 3.03297242e-01 -9.41064322e-02 4.36537771e-02 -2.42922765e-02 1.36103522e-03 2.11775352e-02 2.49143013e-03 5.36787860e-02 3.63378429e-02 -7.52154036e-02 
5.90000000e+00 3.12835522e-01 -8.78189006e-02 3.94514984e-02 -1.98304224e-02 -5.72524731e-03 1.33800369e-02 -6.60764307e-03 4.71060849e-02 3.10317609e-02 -7.53294993e-02 
6.00000000e+00 3.22426764e-01 -8.11222482e-02 3.49276486e-02 -1.50744134e-02 -1.31520755e-02 5.07588010e-03 -1.62717208e-02 3.97311013e-02 2.49974921e-02 -7.48933711e-02 
6.10000000e+00 3.32064248e-01 -7.40255115e-02 3.00895477e-02 -1.00363655e-02 -2.08915009e-02 -3.70438240e-03 -2.64618928e-02 3.15604523e-02 1.82258533e-02 -7.38550186e-02 
6.20000000e+00 3.41741212e-01 -6.65388296e-02 2.49459173e-02 -4.73010447e-03 -2.89128781e-02 -1.29258177e-02 -3.71332623e-02 2.26080881e-02 1.07141446e-02 -7.21637545e-02 
6.30000000e+00 3.51450855e-01 -5.86734132e-02 1.95068542e-02 8.28887101e-04 -3.71830136e-02 -2.25492700e-02 -4.82351158e-02 1.28955005e-02 2.46662899e-03 -6.97709073e-02 
6.40000000e+00 3.61186347e-01 -5.04415107e-02 1.37837977e-02 6.62353180e-03 -4.56663346e-02 -3.25315558e-02 -5.97111535e-02 2.45186036e-03 -6.50503909e-03 -6.66305530e-02 
6.50000000e+00 3.70940841e-01 -4.18563707e-02 7.78949096e-03 1.26352294e-02 -5.43250759e-02 -4.28256947e-02 -7.14997792e-02 -8.68591924e-03 -1.61814466e-02 -6.27002702e-02 
6.60000000e+00 3.80707477e-01 -3.29322024e-02 1.53793624e-03 1.88439375e-02 -6.31194853e-02 -5.33811761e-02 -8.35344476e-02 -2.04731981e-02 -2.65351222e-02 -5.79419078e-02 
6.70000000e+00 3.90479393e-01 -2.36841339e-02 -4.95565501e-03 2.52282614e-02 -7.20080433e-02 -6.41442584e-02 -9.57440678e-02 -3.28577036e-02 -3.75303129e-02 -5.23223572e-02 
6.80000000e+00 4.00249730e-01 -1.41281674e-02 -1.16749177e-02 3.17655514e-02 -8.09476987e-02 -7.50582996e-02 -1.08053460e-01 -4.57797080e-02 -4.91228432e-02 -4.58143187e-02 
6.90000000e+00 4.10011646e-01 -4.28113331e-03 -1.86023936e-02 3.84320078e-02 -8.98941164e-02 -8.60641163e-02 -1.20383862e-01 -5.91722873e-02 -6.12600633e-02 -3.83970515e-02 
7.00000000e+00 4.19758316e-01 5.83935903e-03 -2.57195966e-02 4.52027933e-02 -9.88019368e-02 -9.71003693e-02 -1.32653485e-01 -7.29616633e-02 -7.38808922e-02 -3.00570957e-02 
7.10000000e+00 4.29482946e-01 1.62149709e-02 -3.30070819e-02 5.20521505e-02 -1.07625044e-01 -1.08103971e-01 -1.44778105e-01 -8.70676265e-02 -8.69159586e-02 -2.07889560e-02 
7.20000000e+00 4.39178780e-01 2.68266865e-02 -4.04445203e-02 5.89535263e-02 -1.16316843e-01 -1.19010515e-01 -1.56671701e-01 -1.01404037e-01 -1.00287845e-01 -1.05957352e-02 
7.30000000e+00 4.48839104e-01 3.76548658e-02 -4.80107750e-02 6.58797001e-02 -1.24830542e-01 -1.29754718e-01 -1.68247116e-01 -1.15879405e-01 -1.13911435e-01 5.10294532e-04 
7.40000000e+00 4.58457257e-01 4.86792997e-02 -5.56839824e-02 7.28029163e-02 -1.33119437e-01 -1.40270881e-01 -1.79416752e-01 -1.30397535e-01 -1.27694368e-01 1.25071927e-02 
7.50000000e+00 4.68026635e-01 5.98792651e-02 -6.34416356e-02 7.96950207e-02 -1.41137201e-01 -1.50493356e-01 -1.90093283e-01 -1.44858251e-01 -1.41537595e-01 2.53629354e-02 
7.60000000e+00 4.77540701e-01 7.12335818e-02 -7.12606706e-02 8.65275984e-02 -1.48838173e-01 -1.60357016e-01 -2.00190383e-01 -1.59158164e-01 -1.55336040e-01 3.90350946e-02 
7.70000000e+00 4.86992991e-01 8.27206694e-02 -7.91175544e-02 9.32721146e-02 -1.56177643e-01 -1.69797735e-01 -2.09623458e-01 -1.73191518e-01 -1.68979367e-01 5.34706207e-02 
7.80000000e+00 4.96377118e-01 9.43186053e-02 -8.69883749e-02 9.99000554e-02 -1.63112132e-01 -1.78752858e-01 -2.18310390e-01 -1.86851058e-01 -1.82352827e-01 6.86057380e-02 
7.90000000e+00 5.05686781e-01 1.06005183e-01 -9.48489321e-02 1.06383069e-01 -1.69599672e-01 -1.87161672e-01 -2.26172264e-01 -2.00028960e-01 -1.95338215e-01 8.43659602e-02 
8.00000000e+00 5.14915771e-01 1.17757969e-01 -1.02674831e-01 1.12693108e-01 -1.75600074e-01 -1.94965862e-01 -2.33134089e-01 -2.12617778e-01 -2.07814893e-01 1.00666232e-01 
8.10000000e+00 5.24057975e-01 1.29554363e-01 -1.10441571e-01 1.18802567e-01 -1.81075185e-01 -2.02109955e-01 -2.39125499e-01 -2.24511418e-01 -2.19660899e-01 1.17411204e-01 
8.20000000e+00 5.33107382e-01 1.41371656e-01 -1.18124646e-01 1.24684418e-01 -1.85989137e-01 -2.08541755e-01 -2.44081433e-01 -2.35606124e-01 -2.30754111e-01 1.34495640e-01 
8.30000000e+00 5.42058091e-01 1.53187084e-01 -1.25699627e-01 1.30312352e-01 -1.90308584e-01 -2.14212747e-01 -2.47942771e-01 -2.45801469e-01 -2.40973470e-01 1.51804968e-01 
8.40000000e+00 5.50904313e-01 1.64977891e-01 -1.33142261e-01 1.35660900e-01 -1.94002921e-01 -2.19078480e-01 -2.50656945e-01 -2.55001332e-01 -2.50200246e-01 1.69215958e-01 
8.50000000e+00 5.59640374e-01 1.76721381e-01 -1.40428559e-01 1.40705567e-01 -1.97044488e-01 -2.23098932e-01 -2.52178501e-01 -2.63114869e-01 -2.58319328e-01 1.86597551e-01 
8.60000000e+00 5.68260727e-01 1.88394975e-01 -1.47534886e-01 1.45422949e-01 -1.99408758e-01 -2.26238835e-01 -2.52469605e-01 -2.70057442e-01 -2.65220527e-01 2.03811806e-01 
8.70000000e+00 5.76759948e-01 1.99976268e-01 -1.54438047e-01 1.49790851e-01 -2.01074510e-01 -2.28467969e-01 -2.51500502e-01 -2.75751524e-01 -2.70799890e-01 2.20714986e-01 
8.80000000e+00 5.85132744e-01 2.11443076e-01 -1.61115373e-01 1.53788397e-01 -2.02023973e-01 -2.29761430e-01 -2.49249912e-01 -2.80127548e-01 -2.74960985e-01 2.37158760e-01 
8.90000000e+00 5.93373956e-01 2.22773497e-01 -1.67544803e-01 1.57396130e-01 -2.02242959e-01 -2.30099851e-01 -2.45705360e-01 -2.83124703e-01 -2.77616168e-01 2.52991515e-01 
9.00000000e+00 6.01478564e-01 2.33945954e-01 -1.73704963e-01 1.60596109e-01 -2.01720969e-01 -2.29469588e-01 -2.40863439e-01 -2.84691664e-01 -2.78687794e-01 2.68059772e-01 
9.10000000e+00 6.09441685e-01 2.44939248e-01 -1.79575246e-01 1.63371999e-01 -2.00451279e-01 -2.27862867e-01 -2.34730003e-01 -2.84787246e-01 -2.78109379e-01 2.82209692e-01 
9.20000000e+00 6.17258584e-01 2.55732606e-01 -1.85135881e-01 1.65709145e-01 -1.98431006e-01 -2.25277888e-01 -2.27320284e-01 -2.83380980e-01 -2.75826671e-01 2.95288647e-01 
9.30000000e+00 6.24924669e-01 2.66305724e-01 -1.90368004e-01 1.67594651e-01 -1.95661144e-01 -2.21718887e-01 -2.18658931e-01 -2.80453595e-01 -2.71798642e-01 3.07146861e-01 
9.40000000e+00 6.32435496e-01 2.76638813e-01 -1.95253722e-01 1.69017434e-01 -1.92146587e-01 -2.17196154e-01 -2.08779980e-01 -2.75997408e-01 -2.65998372e-01 3.17639085e-01 
9.50000000e+00 6.39786772e-01 2.86712641e-01 -1.99776180e-01 1.69968283e-01 -1.87896118e-01 -2.11726010e-01 -1.97726738e-01 -2.70016614e-01 -2.58413806e-01 3.26626291e-01 
9.60000000e+00 6.46974358e-01 2.96508572e-01 -2.03919609e-01 1.70439901e-01 -1.82922384e-01 -2.05330736e-01 -1.85551589e-01 -2.62527469e-01 -2.49048390e-01 3.33977381e-01 
9.70000000e+00 6.53994266e-01 3.06008604e-01 -2.07669386e-01 1.70426939e-01 -1.77241841e-01 -1.98038467e-01 -1.72315735e-01 -2.53558367e-01 -2.37921562e-01 3.39570865e-01 
9.80000000e+00 6.60842665e-01 3.15195406e-01 -2.11012076e-01 1.69926021e-01 -1.70874685e-01 -1.89883038e-01 -1.58088845e-01 -2.43149803e-01 -2.25069083e-01 3.43296511e-01 
9.90000000e+00 6.67515877e-01 3.24052346e-01 -2.13935481e-01 1.68935757e-01 -1.63844750e-01 -1.80903789e-01 -1.42948645e-01 -2.31354229e-01 -2.10543220e-01 3.45056931e-01 
1.00000000e+01 6.74010384e-01 3.32563532e-01 -2.16428670e-01 1.67456754e-01 -1.56179397e-01 -1.71145336e-01 -1.26980428e-01 -2.18235797e-01 -1.94412749e-01 3.44769090e-01 