#          b = 1.2
#          n:            1           2           3           4           5
# Eigenvalues: -4.832252533e-01 5.849713708e-02 7.392131362e-01 2.000011521e+00 3.575814346e+00 
#      r             u_1(r)        u_2(r)        u_3(r)        u_4(r)        u_5(r)
1.000000000e-01 -7.47156278e-03 3.12383655e-03 7.80039820e-05 -1.33945092e-03 -1.76688823e-03 
2.00000000e-01 -2.94247866e-02 1.42028445e-02 3.55790258e-03 -3.36136807e-03 -7.23661343e-03 
3.00000000e-01 -6.47924900e-02 3.49699885e-02 1.51126606e-02 -1.80670088e-03 -1.53984213e-02 
4.00000000e-01 -1.12052745e-01 6.59717970e-02 3.84922617e-02 8.60542949e-03 -2.32225554e-02 
5.00000000e-01 -1.69301309e-01 1.06556089e-01 7.58314352e-02 3.30595085e-02 -2.56354221e-02 
6.00000000e-01 -2.34339367e-01 1.54962460e-01 1.27197605e-01 7.53648060e-02 -1.60656042e-02 
7.00000000e-01 -3.04771553e-01 2.08501791e-01 1.90436508e-01 1.36768950e-01 1.24378360e-02 
8.00000000e-01 -3.78108790e-01 2.63804555e-01 2.61329400e-01 2.15115333e-01 6.56609475e-02 
9.00000000e-01 -4.51870455e-01 3.17113382e-01 3.34032653e-01 3.04544889e-01 1.46532948e-01 
1.00000000e+00 -5.23680674e-01 3.64593523e-01 4.01733954e-01 3.95851221e-01 2.53648351e-01 
1.10000000e+00 -5.91354219e-01 4.02635390e-01 4.57433907e-01 4.77482350e-01 3.80373451e-01 
1.20000000e+00 -6.52968333e-01 4.28125880e-01 4.94750319e-01 5.37063958e-01 5.14832487e-01 
1.30000000e+00 -7.06917924e-01 4.38669555e-01 5.08645396e-01 5.63219703e-01 6.40919644e-01 
1.40000000e+00 -7.51952679e-01 4.32746079e-01 4.95991755e-01 5.47402506e-01 7.40286649e-01 
1.50000000e+00 -7.87195808e-01 4.09796385e-01 4.55918497e-01 4.85437890e-01 7.95051322e-01 
1.60000000e+00 -8.12145192e-01 3.70236080e-01 3.89909122e-01 3.78518940e-01 7.90803059e-01 
1.70000000e+00 -8.26658582e-01 3.15400240e-01 3.01654458e-01 2.33475278e-01 7.19384459e-01 
1.80000000e+00 -8.30925229e-01 2.47428529e-01 1.96691712e-01 6.22510256e-02 5.80927921e-01 
1.90000000e+00 -8.25426751e-01 1.69103280e-01 8.18821259e-02 -1.19350506e-01 3.84726409e-01 
2.00000000e+00 -8.10890339e-01 8.36555200e-02 -3.52073799e-02 -2.93485333e-01 1.48702861e-01 
2.10000000e+00 -7.88237375e-01 -5.44502103e-03 -1.46949373e-01 -4.42396827e-01 -1.02520716e-01 
2.20000000e+00 -7.58530393e-01 -9.47001628e-02 -2.46263154e-01 -5.50557178e-01 -3.40709413e-01 
2.30000000e+00 -7.22921013e-01 -1.80779458e-01 -3.27130482e-01 -6.06530267e-01 -5.37806095e-01 
2.40000000e+00 -6.82601026e-01 -2.60690323e-01 -3.84981665e-01 -6.04311609e-01 -6.69846621e-01 
2.50000000e+00 -6.38758345e-01 -3.31913156e-01 -4.16931322e-01 -5.43982765e-01 -7.20390297e-01 
2.60000000e+00 -5.92539048e-01 -3.92495851e-01 -4.21860147e-01 -4.31618746e-01 -6.82931058e-01 
2.70000000e+00 -5.45016226e-01 -4.41105572e-01 -4.00353814e-01 -2.78491100e-01 -5.61918967e-01 
2.80000000e+00 -4.97165938e-01 -4.77038880e-01 -3.54521570e-01 -9.97006608e-02 -3.72244226e-01 
2.90000000e+00 -4.49850163e-01 -5.00194104e-01 -2.87724337e-01 8.75599943e-02 -1.37277067e-01 
3.00000000e+00 -4.03806376e-01 -5.11012057e-01 -2.04245444e-01 2.65880904e-01 1.14224843e-01 
3.10000000e+00 -3.59643090e-01 -5.10392641e-01 -1.08936721e-01 4.19413574e-01 3.51869831e-01 
3.20000000e+00 -3.17840601e-01 -4.99595669e-01 -6.86950750e-03 5.35354041e-01 5.47496246e-01 
3.30000000e+00 -2.78756040e-01 -4.80134199e-01 9.69851071e-02 6.04985186e-01 6.78607470e-01 
3.40000000e+00 -2.42631838e-01 -4.53668123e-01 1.98028698e-01 6.24201644e-01 7.30930464e-01 
3.50000000e+00 -2.09606699e-01 -4.21904606e-01 2.92249048e-01 5.93511105e-01 6.99803366e-01 
3.60000000e+00 -1.79728252e-01 -3.86510583e-01 3.76369454e-01 5.17568633e-01 5.90282658e-01 
3.70000000e+00 -1.52966611e-01 -3.49040870e-01 4.47933871e-01 4.04348382e-01 4.16046017e-01 
3.80000000e+00 -1.29228188e-01 -3.10883845e-01 5.05332295e-01 2.64085613e-01 1.97324953e-01 
3.90000000e+00 -1.08369205e-01 -2.73225118e-01 5.47774061e-01 1.08130125e-01 -4.17893717e-02 
4.00000000e+00 -9.02084533e-02 -2.37028345e-01 5.75218760e-01 -5.21577706e-02 -2.76274006e-01 
4.10000000e+00 -7.45389850e-02 -2.03031284e-01 5.88275607e-01 -2.06361817e-01 -4.82952950e-01 
4.20000000e+00 -6.11384819e-02 -1.71754557e-01 5.88082183e-01 -3.45740960e-01 -6.42805582e-01 
4.30000000e+00 -4.97781879e-02 -1.43520159e-01 5.76172988e-01 -4.63699276e-01 -7.42581062e-01 
4.40000000e+00 -4.02303396e-02 -1.18476706e-01 5.54347082e-01 -5.55991205e-01 -7.75609779e-01 
4.50000000e+00 -3.22741146e-02 -9.66285471e-02 5.24542611e-01 -6.20687202e-01 -7.41816474e-01 
4.60000000e+00 -2.57001713e-02 -7.78662085e-02 4.88724309e-01 -6.57945421e-01 -6.47036475e-01 
4.70000000e+00 -2.03138939e-02 -6.19960797e-02 4.48788238e-01 -6.69646511e-01 -5.01805911e-01 
4.80000000e+00 -1.59374881e-02 -4.87677722e-02 4.06486258e-01 -6.58951521e-01 -3.19833755e-01 
4.90000000e+00 -1.24110908e-02 -3.78980727e-02 3.63371114e-01 -6.29838653e-01 -1.16368536e-01 
5.00000000e+00 -9.59306091e-03 -2.90908941e-02 3.20761568e-01 -5.86665195e-01 9.33496524e-02 
5.10000000e+00 -7.35962142e-03 -2.20530272e-02 2.79725938e-01 -5.33788647e-01 2.95402835e-01 
5.20000000e+00 -5.60400852e-03 -1.65058200e-02 2.41081512e-01 -4.75267799e-01 4.78177736e-01 
5.30000000e+00 -4.23527292e-03 -1.21931401e-02 2.05406847e-01 -4.14652165e-01 6.32974496e-01 
5.40000000e+00 -3.17685864e-03 -8.88612940e-03 1.73063718e-01 -3.54857775e-01 7.54247526e-01 
5.50000000e+00 -2.36506558e-03 -6.38532954e-03 1.44225515e-01 -2.98119654e-01 8.39522931e-01 
5.60000000e+00 -1.74748162e-03 -4.52077217e-03 1.18909145e-01 -2.46006529e-01 8.89062504e-01 
5.70000000e+00 -1.28145078e-03 -3.15059457e-03 9.70078979e-02 -1.99481122e-01 9.05356488e-01 
5.80000000e+00 -9.32625540e-04 -2.15867770e-03 7.83231929e-02 -1.58989506e-01 8.92527793e-01 
5.90000000e+00 -6.73636120e-04 -1.45172345e-03 6.25936805e-02 -1.24564677e-01 8.55721445e-01 
6.00000000e+00 -4.82895520e-04 -9.56101290e-04 4.95206699e-02 -9.59321891e-02 8.00538210e-01 
6.10000000e+00 -3.43548643e-04 -6.14710436e-04 3.87893255e-02 -7.26088660e-02 7.32553480e-01 
6.20000000e+00 -2.42565188e-04 -3.84027448e-04 3.00854742e-02 -5.39886971e-02 6.56944594e-01 
6.30000000e+00 -1.69969980e-04 -2.31444893e-04 2.31081789e-02 -3.94128524e-02 5.78233692e-01 
6.40000000e+00 -1.18200202e-04 -1.32954867e-04 1.75784560e-02 -2.82230033e-02 5.00140483e-01 
6.50000000e+00 -8.15765947e-05 -7.11923392e-05 1.32446612e-02 -1.97988130e-02 4.25530343e-01 
6.60000000e+00 -5.58745136e-05 -3.38259455e-05 9.88513254e-03 -1.35815426e-02 3.56438045e-01 
6.70000000e+00 -3.79806659e-05 -1.22664668e-05 7.30869408e-03 -9.08628869e-03 2.94145654e-01 
6.80000000e+00 -2.56219485e-05 -6.53691397e-07 5.35358660e-03 -5.90552101e-03 2.39293972e-01 
6.90000000e+00 -1.71539017e-05 4.92116809e-06 3.88533050e-03 -3.70645812e-03 1.92009547e-01 
7.00000000e+00 -1.13976562e-05 6.99972382e-06 2.79394537e-03 -2.22449273e-03 1.52032920e-01 
7.10000000e+00 -7.51572736e-06 7.18625897e-06 1.99086559e-03 -1.25446671e-03 1.18837746e-01 
7.20000000e+00 -4.91847523e-06 6.45734366e-06 1.40580805e-03 -6.41160016e-04 9.17342385e-02 
7.30000000e+00 -3.19444464e-06 5.38005056e-06 9.83773088e-04 -2.69951045e-04 6.99536469e-02 
7.40000000e+00 -2.05905167e-06 4.26228499e-06 6.82295272e-04 -5.82565261e-05 5.27130806e-02 
7.50000000e+00 -1.31718839e-06 3.25384348e-06 4.69008781e-04 5.19195974e-05 3.92618377e-02 
7.60000000e+00 -8.36255998e-07 2.41253506e-06 3.19552723e-04 1.00206100e-04 2.89115594e-02 
7.70000000e+00 -5.26918419e-07 1.74612010e-06 2.15813145e-04 1.12872917e-04 2.10531148e-02 
7.80000000e+00 -3.29505375e-07 1.23793477e-06 1.44479813e-04 1.06735306e-04 1.51632532e-02 
7.90000000e+00 -2.04502649e-07 8.61814097e-07 9.58847816e-05 9.21062677e-05 1.08038802e-02 
8.00000000e+00 -1.25966515e-07 5.90216483e-07 6.30847021e-05 7.49646932e-05 7.61644597e-03 
8.10000000e+00 -7.70075915e-08 3.98191126e-07 4.11479545e-05 5.85015907e-05 5.31347377e-03 
8.20000000e+00 -4.67236559e-08 2.64924575e-07 2.66096768e-05 4.41899133e-05 3.66877981e-03 
8.30000000e+00 -2.81363400e-08 1.73970418e-07 1.70614070e-05 3.25011110e-05 2.50749801e-03 
8.40000000e+00 -1.68162293e-08 1.12837152e-07 1.08465134e-05 2.33678849e-05 1.69664233e-03 
8.50000000e+00 -9.97522350e-09 7.23268762e-08 6.83724564e-06 1.64703746e-05 1.13663767e-03 
8.60000000e+00 -5.87289800e-09 4.58378327e-08 4.27369036e-06 1.14036024e-05 7.54021710e-04 
8.70000000e+00 -3.43179178e-09 2.87341696e-08 2.64892959e-06 7.76800643e-06 4.95359797e-04 
8.80000000e+00 -1.99035671e-09 1.78225995e-08 1.62816137e-06 5.21230234e-06 3.22310971e-04 
8.90000000e+00 -1.14573797e-09 1.09412790e-08 9.92425435e-07 3.44840024e-06 2.07724009e-04 
9.00000000e+00 -6.54616566e-10 6.64966360e-09 5.99908544e-07 2.25117779e-06 1.32615153e-04 
9.10000000e+00 -3.71226425e-10 4.00185852e-09 3.59643182e-07 1.45104921e-06 8.38744989e-05 
9.20000000e+00 -2.08950727e-10 2.38527584e-09 2.13831043e-07 9.23984924e-07 5.25570074e-05 
9.30000000e+00 -1.16736027e-10 1.40833166e-09 1.26093864e-07 5.81503455e-07 3.26307466e-05 
9.40000000e+00 -6.47328679e-11 8.23810172e-10 7.37485016e-08 3.61834653e-07 2.00747081e-05 
9.50000000e+00 -3.56292431e-11 4.77490420e-10 4.27818864e-08 2.22680054e-07 1.22384366e-05 
9.60000000e+00 -1.94649382e-11 2.74265336e-10 2.46164395e-08 1.35578237e-07 7.39408347e-06 
9.70000000e+00 -1.05552131e-11 1.56132819e-10 1.40494684e-08 8.16855039e-08 4.42741637e-06 
9.80000000e+00 -5.68134772e-12 8.81004851e-11 7.95379444e-09 4.87127254e-08 2.62753606e-06 
9.90000000e+00 -3.03535116e-12 4.92791386e-11 4.46661802e-09 2.87585942e-08 1.54562045e-06 
1.00000000e+01 -1.60969100e-12 2.73265681e-11 2.48818761e-09 1.68111324e-08 9.01229418e-07 