1.909090909090909171652584  0.9090909090909090606302811
1.826446280991735449106272  0.8264462809917354491062724
1.751314800901577761749195  0.7513148009015776507268924
1.683013455365070409897044  0.6830134553650705209193461
1.620921323059155039203461  0.6209213230591549281811581
1.564473930053777106508051  0.5644739300537771065080506
1.513158118230706339346625  0.5131581182307064503689276
1.466507380209733035769659  0.4665073802097330912808104
1.424097618372484497228925  0.4240976183724846082512272
1.385543289429531421674824  0.3855432894295314216748238
1.350493899481392201522567  0.3504938994813921460114159
1.318630817710356506466951  0.3186308177103564509557998
1.289664379736687571664788  0.2896643797366876826870907
1.263331254306079731719592  0.2633312543060796762084408
1.239392049369163251171244  0.239392049369163334437971
1.217629135790148531270916  0.2176291357901484757597643
1.197844668900134967870486  0.1978446689001349678704855
1.179858789909213667712606  0.1798587899092135844458795
1.163507990826557758623494  0.1635079908265577863790696
1.148643628024143437116322  0.1486436280241434371163223
1.135130570931039528659312  0.1351305709310394731481608
1.1228459735736722180377  0.1228459735736722319154879
1.111678157794247390199871  0.1116781577942474734665979
1.101525597994770455656521  0.1015255979947704279009457
1.09229599817706413134033  0.09229599817706402031802781
1.083905452888239917541569  0.08390545288824001468608316
1.07627768444385463197932  0.07627768444385454871259356
1.069343349494413120126524  0.06934334949441321727103826
1.063039408631284654660476  0.06303940863128473792720285
1.057308553301167908244906  0.05730855330116793600048197
1.052098684819243512578169  0.05209868481924357502821366
1.047362440744766809430644  0.0473624407447668857584766
1.043056764313424533696661  0.0430567643134244365521468
1.0391425130122040609848  0.03914251301220403322922436
1.035584102738367207052761  0.03558410273836729725838168
1.032349184307606693167259  0.03234918430760663071721339
1.029408349370551478685343  0.02940834937055147868534277
1.026734863064137748267513  0.02673486306413770663414908
1.024304420967397932784593  0.02430442096739791196791103
1.022094928152179837965718  0.02209492815217991776299833
1.020086298320163509245617  0.02008629832016356128732149
1.018260271200148725512236  0.0182602712001486908177661
1.016600246545589669722176  0.01660024654558971829443337
1.01509113322326327555345  0.01509113322326337963685816
1.013719212021148452507191  0.01371921202114852536557699
1.012472010928316734634791  0.01247201092831684045292295
1.011338191753015314233721  0.01133819175301530902955083
1.010307447048195639283108  0.01030744704819573469289917
1.009370406407450682095828  0.009370406407450666483316404
1.00851855127950051915775  0.008518551279500605893924003
1.007744137526818795080885  0.007744137526818731763478265
1.007040125024380561313819  0.007040125024380664529866092
1.006400113658527883941929  0.006400113658527876135673207
1.005818285144116197571407  0.005818285144116250480472718
1.005289350131014725064915  0.005289350131014772769810772
1.004808500119104275327686  0.004808500119104338645092955
1.004371363744640310855516  0.004371363744640307386069011
1.003973967040582060405995  0.003973967040582097702550168
1.003612697309619994356922  0.003612697309620088465670351
1.003284270281472823072022  0.003284270281472807459510754
1.002985700255884404796802  0.002985700255884370102332781
1.002714272959894792336399  0.002714272959894881674658418
1.002467520872631689954346  0.0024675208726317103373471
1.002243200793301536322133  0.002243200793301554536729459
1.002039273448456002668649  0.002039273448455958433200852
1.001853884953141760050244  0.001853884953141780216404055
1.001685349957401660603296  0.001685349957401618319410841
1.001532136324910560176704  0.001532136324910561911427642
1.001392851204464085057566  0.001392851204464147073930347
1.001266228367694743894845  0.001266228367694679059554663
1.001151116697904353003423  0.001151116697904253690504239
1.001046469725367593639476  0.001046469725367503217014487
1.000951336113970357999392  0.0009513361139704574207312526
1.000864851012700507126851  0.0008648510127004157286081942
1.000786228193363935901061  0.0007862281933640142888783386
1.000714752903058224475785  0.0007147529030581947686456834
1.000649775366416527333513  0.0006497753664165406691996529
1.000590704878560499579976  0.0005907048785604914484595462
1.00053700443505499961816  0.0005370044350549921371648643
1.000488185850050060210492  0.0004881858500499928273271
1.000443805318227186162972  0.0004438053182272661770918498
1.000403459380206694362414  0.0004034593802066055662561284
1.000366781254733217210173  0.0003667812547332777628646128
1.000333437504302924736521  0.0003334375043029797597814168
1.000303125003911830503966  0.0003031250039117997668348947
1.000275568185374330809623  0.000275568185374363389898017
1.000250516532158462368329  0.0002505165321585121332090274
1.000227742301962319260156  0.0002277423019622837525345604
1.000207038456329300402103  0.0002070384563293488388354552
1.00018821677848124274135  0.0001882167784812262072667577
1.000171106162255574290043  0.0001711061622556601859602293
1.000155551056596037184931  0.0001555510565960546947965326
1.000141410051450963081265  0.0001414100514509587986668182
1.00012855459222804732633  0.0001285545922281443624243802
1.000116867811116527775539  0.000116867811116494870003063
1.000106243464651267771615  0.0001062434646513589665698177
1.000096584967864909998525  9.65849678648717803984558e-05
1.000087804516240685970274  8.780451624079252024267228e-05
1.000079822287491593257869  7.982228749162955153649557e-05
1.000072565715901529159737  7.256571590148140063133986e-05
1.000065968832637652852213  6.59688326377103555859735e-05
1.000059971666034330795014  5.997166603428213466553051e-05
1.000054519696394805805539  5.451969639480193629286001e-05
1.000049563360358995112165  4.956336035891084932725539e-05
1.000045057600326359192877  4.505760032628258721738509e-05
1.000040961454842003419685  4.096145484207507867250794e-05
1.000037237686220104038171  3.723768622006825272261962e-05
1.000033852442018256212464  3.385244201824386611147238e-05
1.000030774947289202714273  3.077494728931260493986002e-05
1.000027977224808406475631  2.797722480846600171867401e-05
1.000025433840735056278959  2.543384073496908877537806e-05
1.000023121673395465336398  2.31216733954264440332408e-05
1.00002101970308676648358  2.101970308675131152544371e-05
1.0000191088209879897164  1.910882098795573682636743e-05
1.000017371655443687572529  1.737165544359612346357082e-05
1.000015792414039594859787  1.579241403963283735625324e-05
1.000014356740036136628191  1.435674003602985121801246e-05
1.000013051581850831439624  1.305158185093622776398736e-05
1.000011865074409866949168  1.186507440994202508598252e-05
1.000010786431281717412389  1.078643128176547642685726e-05
1.000009805846619803659792  9.805846619786795365634503e-06
1.000008914406018023512956  8.914406017987995170916496e-06
1.000008104005470910280451  8.104005470898176350063973e-06
1.000007367277700787155936  7.367277700816523415582645e-06
1.000006697525182453034631  6.697525182560475678341869e-06
1.000006088659256775486028  6.088659256873159091559555e-06
1.000005535144778967548973  5.535144778975598327112103e-06
1.000005031949799061408157  5.031949799068725674917098e-06
1.00000457449981738911049  4.574499817335204465988587e-06
1.000004158636197626464082  4.158636197577458143426199e-06
1.000003780578361478603711  3.780578361434052742155688e-06
1.0000034368894195058175  3.436889419485502261859822e-06
1.000003124444926783098708  3.124444926805001709722723e-06
1.000002840404478954283718  2.84040447891363757141627e-06
1.00000258218588999881149  2.582185889921488393275537e-06
1.000002347441718120180099  2.347441718110443878382359e-06
1.000002134037925483056597  2.134037925554948941846102e-06
1.000001940034477732055507  1.940034477777226079760198e-06
1.000001763667706988769623  1.763667707070205488553228e-06
1.000001603334279121071404  1.603334279154732069813628e-06
1.000001457576617402978059  1.457576617413392752238164e-06
1.000001325069652224897254  1.325069652193993257119613e-06
1.000001204608774729720722  1.204608774721811974923926e-06
1.000001095098886016998563  1.095098886110738005015761e-06
1.000000995544441995122042  9.955444419188526548295144e-07
1.000000905040401733003819  9.050404017444114466382213e-07
1.00000082276400159564389  8.227640015858284723484356e-07
1.000000747967274117300462  7.479672741689349556114654e-07
1.000000679970249217731748  6.799702492444862366547807e-07
1.000000618154772036305644  6.181547720404420236971535e-07
1.000000561958883649182894  5.61958883673129045074337e-07
1.000000510871712489091578  5.108717124301172270755731e-07
1.000000464428829394236686  4.64428829481924713385387e-07
1.000000422208026762405098  4.222080268017497250031993e-07
1.000000383825478955657218  3.838254789106815152451675e-07
1.000000348932253535494397  3.489322535551649897958071e-07
1.000000317211139577722179  3.172111395956045265526321e-07
1.000000288373763313032327  2.883737632687313396482481e-07
1.00000026215796666839708  2.621579666079375622476585e-07
1.000000238325424284369092  2.383254241890341306534662e-07
1.000000216659476581781973  2.166594765354855612896149e-07
1.00000019696316044814921  1.969631604868050412797701e-07
1.000000179057418669970048  1.790574186243682025008404e-07
1.000000162779471457596969  1.627794714766983562844805e-07
1.000000147981337628166898  1.479813377060894027723552e-07
1.000000134528488793250744  1.345284888237176196332104e-07
1.000000122298626115124875  1.222986262033796469929787e-07
1.000000111180569195568069  1.111805692757996646464645e-07
1.000000101073244884730684  1.010732447961815024864215e-07
1.000000091884768016470275  9.188476799652863140498876e-08
1.000000083531607186770884  8.353160726957147828275712e-08
1.000000075937824695060385  7.593782479051951608622299e-08
1.000000069034386207533771  6.903438617319955526569733e-08
1.000000062758532815010426  6.275853288472686240750221e-08
1.000000057053211710567098  5.705321171338805492933522e-08
1.000000051866556161073163  5.186655610308004632624389e-08
1.000000047151414550583581  4.715141463916367306413044e-08
1.000000042864922500385205  4.286492239923969737130002e-08
1.000000038968111182313692  3.896811127203608671460596e-08
1.000000035425555600099301  3.542555570185098671919725e-08
1.000000032205050626288312  3.220505063804634675021939e-08
1.000000029277318791542939  2.927731876186031372350742e-08
1.000000026615744275204634  2.661574432896391885968838e-08
1.00000002419613109871932  2.419613120814901534041356e-08
1.00000002199648285738931  2.199648291649910395254256e-08
1.000000019996802658184265  1.999680265136282087265984e-08
1.000000018178911487254368  1.81789115012389280660544e-08
1.000000016526283230788863  1.652628318294447825529176e-08
1.000000015023893906729313  1.502389380267679811310865e-08
1.000000013658085329382175  1.36580852751607237526138e-08
1.00000001241644120852925  1.241644115923702099169937e-08
1.000000011287673684634569  1.128767378112456408671909e-08
1.000000010261521632415338  1.026152161920414856815873e-08
1.000000009328656069840235  9.328656017458316729747826e-09
1.00000000848059644731336  8.48059637950756021221769e-09
1.000000007709633154107109  7.709633072279599140149847e-09
1.000000007008757352267025  7.00875733843599899272333e-09
1.000000006371597471854784  6.371597580396361968675198e-09
1.000000005792361479350916  5.792361436723964674085987e-09
1.000000005265783142860414  5.265783124294513114483457e-09
1.000000004787075624790305  4.787075567540466016522809e-09
1.000000004351886850884057  4.351886879582241231616654e-09
1.000000003956260874460327  3.956260799620218624685547e-09
1.000000003596600794963933  3.596600726927471025797436e-09
1.000000003269637005587356  3.269637024479518700770999e-09
1.000000002972397217249068  2.972397294981380411469832e-09
1.000000002702179369151736  2.70217935907398196665059e-09
1.00000000245652675978647  2.456526690067256333318718e-09
1.000000002233206064516935  2.233206081879323638587703e-09
1.000000002030187351564905  2.030187347163021527224303e-09
1.000000001845624764129639  1.845624861057292147080164e-09
1.000000001677840755220927  1.677840782779356459746485e-09
1.000000001525309878402936  1.525309802526687615480385e-09
1.000000001386645243073303  1.386645275024261318222057e-09
1.000000001260586524054474  1.260586613658419342602751e-09
1.000000001145987749140431  1.145987830598562925932418e-09
1.000000001041807085044866  1.04180711872596622110396e-09
1.000000000947097289483168  9.47097380659969235514013e-10
1.000000000860997717566647  8.609976187817901953040888e-10
1.000000000782725217973734  7.8272510798344551929727e-10
1.000000000711568359790249  7.115682799849504250895288e-10
1.000000000646880327082044  6.468802545317730103201769e-10
1.000000000588072923690675  5.880729586652480972023639e-10
1.000000000534611688252085  5.34611780604770922258457e-10
1.000000000486010787170699  4.860107096407007820181009e-10
1.000000000441827907593506  4.418279178551825056079153e-10
1.000000000401661814919407  4.01661743504711349934909e-10
1.000000000365147023728696  3.651470395497375438510189e-10
1.000000000331951799381613  3.319518541361250022654439e-10
1.000000000301774383260067  3.01774412851022719932442e-10
1.00000000027434032823237  2.743403753191115165760488e-10
1.00000000024940027820719  2.494003411991922736967385e-10
1.0000000002267275256429  2.267275829083565913020762e-10
1.000000000206116013146129  2.061159844621423345796558e-10
1.000000000187378113025716  1.873781676928566513500727e-10
1.000000000170343739114287  1.70343788811687848414088e-10
1.000000000154857904277605  1.548579898288071255221185e-10
1.000000000140780054280754  1.40779990753461020851981e-10
1.000000000127981847342085  1.279818097758736341704784e-10
1.000000000116347154133223  1.163470997962487524619362e-10
1.000000000105770059377619  1.05770090723862497538234e-10
1.000000000096154639805945  9.61546279307840804463146e-11
1.000000000087413187799257  8.741329811889461388766888e-11
1.0000000000794666554782  7.946663465354055807969898e-11
1.000000000072242434256964  7.224239513958231495224693e-11
1.000000000065674798932491  6.567490467234755434760736e-11
1.000000000059704463595267  5.970445879304323005012514e-11
1.00000000005427680527248  5.427678072094838625476937e-11
1.000000000049342530061836  4.934252792813489072038258e-11
1.00000000004485678495314  4.485684357103171589928028e-11
1.000000000040778935783692  4.077894870093791708245172e-11
1.000000000037071679059864  3.707177154630719206030731e-11
1.000000000033701708090916  3.370161049664290011054795e-11
1.000000000030637936632161  3.063782772422081769483009e-11
1.000000000027852609107981  2.785257065838255977829594e-11
1.000000000025320412433416  2.532051878034778014791709e-11
1.000000000023018698058763  2.301865343667979895949762e-11
1.00000000002092614970195  2.092604857879981576719135e-11
1.000000000019023671526952  1.902368052618165040370357e-11
1.000000000017294166099191  1.729425502380149831080144e-11
1.000000000015722090296322  1.572205002163772573709222e-11
1.000000000014292789174419  1.429277274694338615249085e-11
1.000000000012993384146398  1.299342976994853257215766e-11
1.000000000011812106848197  1.181220888177139295367294e-11
1.000000000010738299138779  1.073837171070126485280528e-11
1.000000000009762191055529  9.762156100637513355678694e-12
1.000000000008874678769644  8.874687364215920057462716e-12
1.000000000008067990719951  8.067897603832654744564936e-12
1.000000000007334355345279  7.33445236712059522233176e-12
1.000000000006667777441294  6.667683970109631873430042e-12
1.000000000006061595669848  6.06153088191784679048478e-12
1.000000000005510480960425  5.510482619925314456283506e-12
1.000000000005009548331714  5.009529654477558302878254e-12
1.000000000004554134847012  4.554117867706870890691661e-12
1.000000000004140021658827  4.140107152460791425067486e-12
1.000000000003763656053479  3.763733774964355620663105e-12
1.00000000000342148531729  3.421576159058504815950617e-12
1.000000000003110622870395  3.110523780962276774948647e-12
1.00000000000282773804372  2.827748891783887720200817e-12
1.000000000002570610391217  2.570680810712624833003667e-12
1.000000000002337019466836  2.336982555193295008987491e-12
1.000000000002124522779923  2.124529595630267969681292e-12
1.000000000001931343973638  1.931390541482061827337245e-12
1.000000000001755706691142  1.755809583165510513458487e-12
1.000000000001596278664806  1.596190530150463901195688e-12
1.000000000001451061493185  1.451082300136785328005463e-12
1.00000000000131916699786  1.319165727397077405683555e-12
1.0000000000011992629112  1.199241570360979422994433e-12
1.000000000001090239010182  1.090219609419072055850654e-12
1.000000000000991207116385  9.911087358355200324143775e-13
1.000000000000901057006786  9.010079416686544831274379e-13
1.000000000000819122547568  8.190981287896858111369651e-13
1.000000000000744737604919  7.446346625360779734066243e-13
1.000000000000677014000416  6.769406023055254211901861e-13
1.000000000000615507644852  6.154005475504775821916631e-13
1.000000000000559552404411  5.594550432277068194657331e-13
1.000000000000508704189883  5.085954938433698266984668e-13
1.000000000000462296867454  4.623595398576089333622426e-13
1.000000000000420330437123  4.203268544160080936999853e-13
1.000000000000382138765076  3.82115322196370943785616e-13
1.000000000000347277762103  3.47377565633064443863462e-13
1.000000000000315747428203  3.157977869391494439342312e-13
1.000000000000287103674168  2.870888972174085578563386e-13
1.000000000000260902410787  2.609899065612805025523898e-13
1.000000000000237365682665  2.37263551419345874693374e-13
1.000000000000215605311382  2.156941376539507653425094e-13
1.000000000000196065386149  1.960855796854097820852724e-13
1.000000000000178301817755  1.782596178958270631486345e-13
1.000000000000162092561595  1.620541980871155027738317e-13
1.000000000000147215573065  1.473219982610140842512838e-13
1.00000000000013389289677  1.339290893281946082774131e-13
1.000000000000121680443499  1.217537175710859868711082e-13
1.000000000000110578213253  1.106851977918963471112713e-13
1.000000000000100586206031  1.006229070835421291477832e-13
1.000000000000091482377229  9.147537007594738095487597e-14
1.000000000000083266726847  8.315942734177034402774643e-14
1.000000000000075495165675  7.559947940160940251415362e-14
1.000000000000068833827527  6.872679945600854659270561e-14
1.000000000000062394533984  6.247890859637140714080278e-14
1.000000000000056843418861  5.679900781488309510586171e-14
1.000000000000051736392948  5.163546164989372110235958e-14
1.000000000000046851411639  4.694132877263065440016558e-14
1.000000000000042632564146  4.267393524784604314380874e-14
1.000000000000038857805862  3.879448658895094716511935e-14
1.000000000000035305092183  3.526771508086449570168471e-14
1.000000000000031974423109  3.206155916442226709856231e-14
1.000000000000029087843245  2.914687196765660415837037e-14
1.000000000000026423307986  2.649715633423327363902432e-14
1.000000000000023980817332  2.408832394021206493655799e-14
1.000000000000021982415888  2.189847630928369367571983e-14
1.000000000000019984014443  1.990770573571244650124085e-14
1.000000000000018207657604  1.809791430519313117493665e-14
1.000000000000016431300764  1.645264936835738939548854e-14
1.00000000000001487698853  1.495695397123398777780843e-14
1.0000000000000135447209  1.359723088293998845862899e-14
1.000000000000012434497876  1.23611189844908977381781e-14
1.000000000000011324274851  1.123738089499172507309629e-14
1.000000000000010214051827  1.021580081362884054525431e-14
1.000000000000009325873407  9.287091648753491404776648e-15
1.000000000000008437694987  8.442810589775900703352658e-15
1.000000000000007771561172  7.675282354341727051563247e-15
1.000000000000006883382753  6.977529413037933037807665e-15
1.000000000000006439293543  6.343208557307211709123168e-15
1.000000000000005773159728  5.766553233915646793149905e-15
1.000000000000005329070518  5.242321121741496582679338e-15
1.000000000000004662936703  4.765746474310450793367748e-15
1.000000000000004440892099  4.332496794827681893993576e-15
1.000000000000003996802889  3.938633449843347248072424e-15
1.000000000000003552713679  3.580575863493951971987576e-15
1.000000000000003330669074  3.255068966812683288181972e-15
1.000000000000002886579864  2.959153606193348264515223e-15
1.000000000000002664535259  2.69013964199395286016917e-15
1.000000000000002442490654  2.445581492721775148139949e-15
1.000000000000002220446049  2.223255902474340828619707e-15
1.000000000000001998401444  2.021141729522127810874032e-15
1.000000000000001776356839  1.837401572292843500288252e-15
1.000000000000001776356839  1.670365065720766692943267e-15
1.000000000000001554312234  1.518513696109787687531814e-15
1.00000000000000133226763  1.380466996463443155086423e-15
1.00000000000000133226763  1.254969996784948233162554e-15
1.000000000000001110223025  1.14088181525904375868631e-15
1.000000000000001110223025  1.0371652865991306180002e-15
1.00000000000000088817842  9.428775332719367820254714e-16
1.00000000000000088817842  8.571613938835788568931146e-16
1.00000000000000088817842  7.792376308032534255875116e-16
1.000000000000000666133815  7.083978461847758235145355e-16
1.000000000000000666133815  6.439980419861597409510555e-16
1.000000000000000666133815  5.854527654419633381142966e-16
1.00000000000000044408921  5.322297867654212164675424e-16
1.00000000000000044408921  4.838452606958374695159476e-16
1.00000000000000044408921  4.398593279053067590938936e-16
1.00000000000000044408921  3.998721162775515498724604e-16
1.00000000000000044408921  3.635201057068649960347938e-16
1.000000000000000222044605  3.304728233698772243008974e-16
1.000000000000000222044605  3.004298394271610726613377e-16
1.000000000000000222044605  2.731180358428736665620841e-16
1.000000000000000222044605  2.482891234935214971277831e-16
1.000000000000000222044605  2.257173849941104384878556e-16
1.000000000000000222044605  2.051976227219185737202587e-16
1.000000000000000222044605  1.865432933835623195759507e-16
1.000000000000000222044605  1.695848121668748202905622e-16
1.000000000000000222044605  1.541680110607952732445814e-16
1.000000000000000222044605  1.401527373279957029496195e-16
1.000000000000000222044605  1.274115793890869802706511e-16
1.000000000000000222044605  1.158287085355336049813719e-16
1  1.052988259413941818645375e-16
1  9.572620540126743357650622e-17
1  8.702382309206129428704082e-17
1  7.911256644732843926698577e-17
1  7.192051495211675848782283e-17
1  6.53822863201061395976747e-17
1  5.943844210918739403154443e-17
1  5.403494737198853610678305e-17
1  4.912267942908048456845013e-17
1  4.465698129916407575986815e-17
1  4.059725572651279446452309e-17
1  3.69065961150116268492204e-17
1  3.355145101364693293902074e-17
1  3.050131910331539133984583e-17
1  2.772847191210489897695954e-17
1  2.520770173827717780665713e-17
1  2.291609248934288583365493e-17
1  2.083281135394807522924275e-17
1  1.893891941268006726967962e-17
1  1.721719946607278786671095e-17
1  1.56519995146116228121562e-17
1  1.422909046782874548983371e-17
1  1.293553678893522261230557e-17
1  1.175957889903201915596511e-17
1  1.069052627184728874111014e-17
1  9.71866024713389759494598e-18
1  8.835145679212633336817825e-18
1  8.031950617466029885995125e-18
1  7.301773288605481714541023e-18
1  6.637975716914073865743488e-18
1  6.034523379012794143267906e-18
1  5.485930344557084814417028e-18
1  4.98720940414280423667512e-18
1  4.533826731038912452195214e-18
1  4.12166066458082894172512e-18
1  3.746964240528025680354855e-18
1  3.406331127752750303352241e-18
1  3.096664661593409261633131e-18
1  2.815149692357644503167582e-18
1  2.55922699305240391870417e-18
1  2.326569993684003282323072e-18
1  2.115063630621820955646799e-18
1  1.922785118747109854628184e-18
1  1.747986471588281545957989e-18
1  1.589078610534801370399446e-18
1  1.444616918668001158275408e-18
1  1.313288107880001000452281e-18
1  1.193898279890909930377349e-18
1  1.085362072628099796639048e-18
1  9.866927932982724373484105e-19
1  8.969934484529748204848313e-19
1  8.154485895027043472420294e-19
1  7.413168995479129904219374e-19
1  6.739244541344663199121259e-19
1  6.126585946676966282028879e-19
1  5.569623587888150640227178e-19
1  5.063294170807409060137907e-19
1  4.602994700734008236489006e-19
1  4.184540637030916184686154e-19
1  3.804127851846287353081506e-19
1  3.458298047132988415259099e-19
1  3.143907315575443838787367e-19
1  2.858097559614039590816251e-19
1  2.598270508740035553939786e-19
1  2.362064098854577732537761e-19
1  2.147330998958706745067405e-19
1  1.952119089962460458478329e-19
1  1.774653718147691260232687e-19
1  1.613321561952446403241426e-19
1  1.466655965411314868266525e-19
1  1.333323604919376934113893e-19
1  1.212112368108524288587976e-19
1  1.101920334644112967739865e-19
1  1.001745758767375293904654e-19
1  9.106779625157956232464498e-20
1  8.278890568325414319074556e-20
1  7.52626415302310316043655e-20
1  6.842058320930093125648019e-20
1  6.220053019027356292674367e-20
1  5.654593653661233102768172e-20
1  5.14053968514657532911539e-20
1  4.673217895587795151888156e-20
1  4.24837990507981317259067e-20
1  3.862163550072557210772206e-20
1  3.511057772793233280835544e-20
1  3.191870702539302763722092e-20
1  2.901700638672093202709863e-20
1  2.637909671520084428809685e-20
1  2.398099701381894743782816e-20
1  2.180090637619904066317198e-20
1  1.981900579654458132678706e-20
1  1.801727799685870783495279e-20
1  1.637934363350791539288466e-20
1  1.489031239409810462905283e-20
1  1.353664763099827611479379e-20
1  1.230604330090752209930406e-20
1  1.118731209173411004187375e-20
1  1.017028371975828035161609e-20
1  9.245712472507527592378264e-21
1  8.405193156825024947195443e-21
1  7.641084688022749131287074e-21
1  6.946440625475225935849061e-21
1  6.314946023159296031747734e-21
1  5.740860021053904936267842e-21
1  5.218963655503549326530087e-21
1  4.744512414094135067467002e-21
1  4.313193103721940696854953e-21
1  3.921084639747218404968293e-21
1  3.564622399770198413186378e-21
1  3.240565817972907237996861e-21
1  2.945968925429915602513839e-21
1  2.678153568572650513543654e-21
1  2.434685062338772852168602e-21
1  2.213350056671611410220044e-21
1  2.012136415156010304534914e-21
1  1.829214922869100174261324e-21
1  1.662922657153727311459961e-21
1  1.51174787013975194744434e-21
1  1.374316245581592542710057e-21
1  1.249378405074174884944428e-21
1  1.135798550067431576801046e-21
1  1.032544136424937745797561e-21
1  9.386764876590343143614195e-22
1  8.533422615082129788596367e-22
1  7.757656922801935829489249e-22
1  7.052415384365396037645594e-22
1  6.411286713059450002918696e-22
1  5.82844246641768122240169e-22
1  5.298584060379710116692856e-22
1  4.816894600345190758703829e-22
1  4.378995091222900775221252e-22
1  3.980904628384454950984394e-22
1  3.619004207622231431660184e-22
1  3.290003825111119312346443e-22
1  2.990912568282835482025272e-22
1  2.719011425711668278060982e-22
1  2.471828568828788958984559e-22
1  2.247116880753444251696286e-22
1  2.042833527957676506960671e-22
1  1.857121389052433124028191e-22
1  1.688292171865848144962711e-22
1  1.5348110653325891585755e-22
1  1.395282786665990015923798e-22
1  1.268438896969081704422251e-22
1  1.153126269971892415820433e-22
1  1.048296609065356656164441e-22
1  9.529969173321423398907606e-23
1  8.663608339383111753372605e-23
1  7.876007581257374000658455e-23
1  7.160006892052157220648672e-23
1  6.509097174592869880000333e-23
1  5.917361067811699036004411e-23
1  5.379419152556089819005037e-23
1  4.89038104777826304437027e-23
1  4.445800952525693035521509e-23
1  4.041637229568811743610976e-23
1  3.67421566324437415207893e-23
1  3.340196057494885218778098e-23
1  3.03654187044989511911902e-23
1  2.76049260949990449344988e-23
1  2.509538735909003737649287e-23
1  2.281398850826366793784598e-23
1  2.073998955296697005111384e-23
1  1.885453595724269951215151e-23
1  1.714048723385699928934357e-23
1  1.558226112168817876771025e-23
1  1.416569192880743470905734e-23
1  1.287790175346130321232999e-23
1  1.170718341223754743979312e-23
1  1.064289401112504179129562e-23
1  9.6753581919318557731684e-24
1  8.795780174483504446861488e-24
1  7.996163794985002840391221e-24
1  7.269239813622729587743303e-24
1  6.608399830566117005565946e-24
1  6.007636209605560313045794e-24
1  5.461487463277781568453289e-24
1  4.964988602979800824761561e-24
1  4.513626002708909707113425e-24
1  4.103296366099008490701309e-24
1  3.730269423726371288393557e-24
1  3.391154021569428243625787e-24
1  3.082867292335843690867995e-24
1  2.802606629396221436968545e-24
1  2.547824208542019154205964e-24
1  2.316203825947290073397788e-24
1  2.105639841770263536115269e-24
1  1.914218037972966784224429e-24
1  1.740198216339060612747122e-24
1  1.581998378490054952221117e-24
1  1.438180344081868038198656e-24
1  1.307436676438061702631603e-24
1  1.188578796761874208330187e-24
1  1.080526178874431098481988e-24
1  9.822965262494827500123557e-25
1  8.929968420449843348904136e-25
1  8.118153109499856838531519e-25
1  7.380139190454414639861409e-25
1  6.709217445867648837733134e-25
1  6.099288587152407282921517e-25
1  5.544807806502188188559116e-25
1  5.040734369547443056399683e-25
1  4.582485790497674921410191e-25
1  4.165896173179703806114747e-25
1  3.787178339254275978660006e-25
1  3.442889399322068570588208e-25
1  3.129899453929153079015651e-25
1  2.845363139935593457735602e-25
1  2.586693763577812025588056e-25
1  2.351539785070737954619607e-25
1  2.137763440973398057076464e-25
1  1.943421309975816165063614e-25
1  1.766746645432559941340794e-25
1  1.606133314029599925801746e-25
1  1.460121194572363422808752e-25
