1.9090909957885742188  0.90909093618392944336
1.8264462947845458984  0.82644629478454589844
1.7513148784637451172  0.7513148188591003418
1.6830134391784667969  0.68301349878311157227
1.6209213733673095703  0.62092137336730957031
1.5644739866256713867  0.56447398662567138672
1.5131580829620361328  0.5131581425666809082
1.4665074348449707031  0.46650740504264831543
1.4240976572036743164  0.42409762740135192871
1.3855433464050292969  0.38554328680038452148
1.3504939079284667969  0.35049390792846679688
1.3186308145523071289  0.31863081455230712891
1.2896643877029418945  0.28966438770294189453
1.263331294059753418  0.26333126425743103027
1.2393920421600341797  0.23939205706119537354
1.2176291942596435547  0.21762914955615997314
1.1978447437286376953  0.19784468412399291992
1.1798588037490844727  0.17985880374908447266
1.1635079383850097656  0.16350799798965454102
1.1486436128616333008  0.14864362776279449463
1.1351305246353149414  0.13513056933879852295
1.1228460073471069336  0.12284597009420394897
1.1116781234741210938  0.11167815327644348145
1.1015255451202392578  0.10152559727430343628
1.0922960042953491211  0.09229599684476852417
1.0839054584503173828  0.083905450999736785889
1.0762777328491210938  0.076277680695056915283
1.0693433284759521484  0.069343343377113342285
1.0630394220352172852  0.063039399683475494385
1.0573085546493530273  0.057308543473482131958
1.0520986318588256836  0.052098676562309265137
1.0473624467849731445  0.047362431883811950684
1.0430567264556884766  0.043056756258010864258
1.0391424894332885742  0.039142504334449768066
1.0355840921401977539  0.035584095865488052368
1.0323492288589477539  0.032349176704883575439
1.0294083356857299805  0.029408343136310577393
1.0267348289489746094  0.026734856888651847839
1.0243043899536132812  0.024304416030645370483
1.0220949649810791016  0.022094924002885818481
1.0200862884521484375  0.020086294040083885193
1.0182602405548095703  0.018260266631841659546
1.0166002511978149414  0.016600241884589195251
1.0150911808013916016  0.015091128647327423096
1.0137192010879516602  0.013719207607209682465
1.0124720335006713867  0.01247200649231672287
1.0113382339477539062  0.011338187381625175476
1.0103074312210083008  0.010307443328201770782
1.0093704462051391602  0.0093704033643007278442
1.0085185766220092773  0.0085185486823320388794
1.0077441930770874023  0.0077441353350877761841
1.0070401430130004883  0.0070401229895651340485
1.0064001083374023438  0.0064001115970313549042
1.0058182477951049805  0.0058182831853628158569
1.0052893161773681641  0.0052893483079969882965
1.0048085451126098633  0.0048084985464811325073
1.0043714046478271484  0.0043713622726500034332
1.0039739608764648438  0.0039739655330777168274
1.0036126375198364258  0.0036126959603279829025
1.0032842159271240234  0.0032842690125107765198
1.0029857158660888672  0.0029856991022825241089
1.0027142763137817383  0.0027142718899995088577
1.0024675130844116211  0.002467519836500287056
1.0022431612014770508  0.0022431998513638973236
1.0020393133163452148  0.0020392725709825754166
1.00185394287109375  0.0018538841977715492249
1.0016853809356689453  0.0016853492707014083862
1.0015320777893066406  0.0015321356477215886116
1.0013928413391113281  0.0013928505359217524529
1.0012662410736083984  0.0012662278022617101669
1.0011510848999023438  0.0011511162156239151955
1.0010464191436767578  0.0010464693186804652214
1.0009512901306152344  0.00095133576542139053345
1.000864863395690918  0.00086485070642083883286
1.0007861852645874023  0.00078622793080285191536
1.0007147789001464844  0.0007147526484914124012
1.0006498098373413086  0.00064977514557540416718
1.0005906820297241211  0.00059070467250421643257
1.0005370378494262695  0.00053700426360592246056
1.0004881620407104492  0.00048818570212461054325
1.0004438161849975586  0.00044380518374964594841
1.0004034042358398438  0.00040345927118323743343
1.0003668069839477539  0.00036678116885013878345
1.0003334283828735352  0.00033343743416480720043
1.0003031492233276367  0.00030312495073303580284
1.0002756118774414062  0.00027556813438422977924
1.0002504587173461914  0.00025051648844964802265
1.0002276897430419922  0.00022774226090405136347
1.000207066535949707  0.00020703842164948582649
1.0001882314682006836  0.0001882167416624724865
1.0001710653305053711  0.0001711061340756714344
1.0001555681228637695  0.0001555510243633762002
1.0001413822174072266  0.00014141002611722797155
1.0001285076141357422  0.00012855457316618412733
1.0001168251037597656  0.00011686779180308803916
1.0001062154769897461  0.00010624344577081501484
1.0000965595245361328  9.6584954007994383574e-05
1.0000878572463989258  8.7804502982180565596e-05
1.0000798702239990234  7.9822275438345968723e-05
1.0000725984573364258  7.256570825120434165e-05
1.000065922737121582  6.596882303711026907e-05
1.000059962272644043  5.9971658629365265369e-05
1.000054478645324707  5.4519689001608639956e-05
1.000049591064453125  4.9563353968551382422e-05
1.0000450611114501953  4.5057593524688854814e-05
1.0000410079956054688  4.0961447666632011533e-05
1.0000371932983398438  3.7237678043311461806e-05
1.0000338554382324219  3.3852433261927217245e-05
1.0000307559967041016  3.0774939659750089049e-05
1.0000280141830444336  2.7977217541774734855e-05
1.0000253915786743164  2.5433833798160776496e-05
1.0000231266021728516  2.3121667254599742591e-05
1.0000209808349609375  2.1019697669544257224e-05
1.000019073486328125  1.910881655931007117e-05
1.0000174045562744141  1.7371650756103917956e-05
1.0000157356262207031  1.5792409612913616002e-05
1.0000143051147460938  1.4356735846376977861e-05
1.0000129938125610352  1.3051578207523562014e-05
1.0000119209289550781  1.1865071428474038839e-05
1.0000107288360595703  1.0786428902065381408e-05
1.0000097751617431641  9.805844456423074007e-06
1.0000089406967163086  8.9144041339750401676e-06
1.0000081062316894531  8.1040034274337813258e-06
1.0000073909759521484  7.3672758844622876495e-06
1.0000066757202148438  6.6975235313293524086e-06
1.0000060796737670898  6.0886577557539567351e-06
1.0000054836273193359  5.5351433729811105877e-06
1.0000050067901611328  5.0319486035732552409e-06
1.0000045299530029297  4.5744986891804728657e-06
1.0000041723251342773  4.1586349652789067477e-06
1.000003814697265625  3.7805773445143131539e-06
1.0000034570693969727  3.4368883916613413021e-06
1.0000030994415283203  3.1244439924194011837e-06
1.0000028610229492188  2.8404035674611805007e-06
1.0000026226043701172  2.5821850613283459097e-06
1.0000023841857910156  2.347441068195621483e-06
1.0000021457672119141  2.1340372313716216013e-06
1.0000019073486328125  1.9400338260311400518e-06
1.0000017881393432617  1.7636671145737636834e-06
1.0000015497207641602  1.6033337715271045454e-06
1.0000014305114746094  1.4575761042578960769e-06
1.0000013113021850586  1.3250692063593305647e-06
1.0000011920928955078  1.2046083384120720439e-06
1.000001072883605957  1.0950984687951859087e-06
1.0000009536743164062  9.9554404187074396759e-07
1.0000009536743164062  9.0504005356706329621e-07
1.0000008344650268555  8.2276369539613369852e-07
1.0000007152557373047  7.4796702165258466266e-07
1.0000007152557373047  6.7997001451658434235e-07
1.0000005960464477539  6.1815455865144031122e-07
1.0000005960464477539  5.6195870001829462126e-07
1.0000004768371582031  5.1087152996842633002e-07
1.0000004768371582031  4.6442866619145206641e-07
1.0000004768371582031  4.2220787577207374852e-07
1.0000003576278686523  3.8382535194614320062e-07
1.0000003576278686523  3.4893213296527392231e-07
1.0000003576278686523  3.1721103255222260486e-07
1.0000002384185791016  2.8837365562139893882e-07
1.0000002384185791016  2.6215786874672630802e-07
1.0000002384185791016  2.3832534168377605965e-07
1.0000002384185791016  2.1665940153070550878e-07
1.0000002384185791016  1.9696308584116195561e-07
1.0000002384185791016  1.7905735205658857012e-07
1.0000001192092895508  1.6277941483622271335e-07
1.0000001192092895508  1.4798128233906027162e-07
1.0000001192092895508  1.3452843461436714279e-07
1.0000001192092895508  1.2229857304646429839e-07
1.0000001192092895508  1.1118051901348735555e-07
1.0000001192092895508  1.0107319781127444003e-07
1.0000001192092895508  9.1884722053237055661e-08
1.0000001192092895508  8.3531567440786602674e-08
1.0000001192092895508  7.5937791166325041559e-08
1.0000001192092895508  6.9034356897645920981e-08
1.0000001192092895508  6.2758509500326908892e-08
1  5.7053188839972790447e-08
1  5.1866535955014114734e-08
1  4.7151395676792162703e-08
1  4.2864904514772206312e-08
1  3.8968096305325161666e-08
1  3.5425543387646030169e-08
1  3.2205040412236485281e-08
1  2.9277309465669532074e-08
1  2.6615735393420436594e-08
1  2.4196122438979728031e-08
1  2.1996475751961952483e-08
1  1.999679533071230253e-08
1  1.8178905492050034809e-08
1  1.652627723558452999e-08
1  1.5023887911524980154e-08
1  1.3658080000311656477e-08
1  1.2416436767637151206e-08
1  1.1287669465787075751e-08
1  1.0261517857657054265e-08
1  9.3286525171265566314e-09
1  8.4805931166442860558e-09
1  7.7096302675272454508e-09
1  7.008754909776371278e-09
1  6.3715952514087348391e-09
1  5.7923594809494716174e-09
1  5.2657811444589697203e-09
1  4.787073848433465173e-09
1  4.3518855186164273618e-09
1  3.956259764237302079e-09
1  3.5965996847409087422e-09
1  3.2696361174089361157e-09
1  2.9723965511152528052e-09
1  2.7021787030179211797e-09
1  2.4565260936526556179e-09
1  2.2332056204277250799e-09
1  2.0301869074756950795e-09
1  1.8456244310627312188e-09
1  1.6778404221540199615e-09
1  1.5253094343137263422e-09
1  1.3866449100063960032e-09
1  1.2605863020098695415e-09
1  1.1459875270958264082e-09
1  1.0418068630002608188e-09
1  9.4709717846086505233e-10
1  8.609974400108910686e-10
1  7.8272494041797813225e-10
1  7.1156813774564398045e-10
1  6.468801050374395345e-10
1  5.8807281266837208022e-10
1  5.346116327409333735e-10
1  4.8601056512609375204e-10
1  4.4182779657120363481e-10
1  4.0166162063037802454e-10
1  3.6514694046196893851e-10
1  3.3195177162603783927e-10
1  3.0177432774891599365e-10
1  2.743403004767941411e-10
1  2.4940027820719024021e-10
1  2.2672752564290021837e-10
1  2.0611592987940241528e-10
1  1.8737811302571572014e-10
1  1.7034373911428701831e-10
1  1.5485794591096890827e-10
1  1.4077995713623892016e-10
1  1.2798177795314558125e-10
1  1.1634707086649598295e-10
1  1.0577006631651286739e-10
1  9.6154605111475888179e-11
1  8.7413278004877525973e-11
1  7.9466613844836331282e-11
1  7.2242378745812629859e-11
1  6.567488913811203588e-11
1  5.9704442778585331553e-11
1  5.427676710856310649e-11
1  4.9342516184047724437e-11
1  4.4856833525397377116e-11
1  4.0778939253138801746e-11
1  3.7071762326590373959e-11
1  3.3701600538060816348e-11
1  3.0637818670964378498e-11
1  2.7852562270447300818e-11
1  2.5320511312654225833e-11
1  2.3018646017058941311e-11
1  2.0926042149094215006e-11
1  1.9023674996399009274e-11
1  1.7294249365917835348e-11
1  1.5722045193511391403e-11
1  1.4292768357737628548e-11
1  1.2993425779761480499e-11
1  1.1812204860073283186e-11
1  1.0738367660356740174e-11
1  9.7621520242507919818e-12
1  8.874683973814079252e-12
1  8.0678944427980958665e-12
1  7.3344498877081498733e-12
1  6.6676815978217174319e-12
1  6.0615288829946045723e-12
1  5.5104809604245019727e-12
1  5.0095279487127886142e-12
1  4.5541161987350253781e-12
1  4.1401057929157936144e-12
1  3.7637323813122236515e-12
1  3.4215748723892547289e-12
1  3.1105226901140259343e-12
1  2.827747801539826078e-12
1  2.570679780156126526e-12
1  2.3369815197599175249e-12
1  2.1245286346144309775e-12
1  1.931389726969601206e-12
1  1.7558088229868706875e-12
1  1.596189868648123511e-12
1  1.4510816593454878287e-12
1  1.319165154715917776e-12
1  1.1992410103162098878e-12
1  1.0902190608619299894e-12
1  9.9110823714720908129e-13
1  9.0100751295660308493e-13
1  8.1909771933869057747e-13
1  7.4463428045151713874e-13
1  6.7694027466869144405e-13
1  6.154002546270020968e-13
1  5.594547720054465767e-13
1  5.0859522756491193363e-13
1  4.6235931749905034849e-13
1  4.2032664241548056694e-13
1  3.8211512946861869722e-13
1  3.473774002824003837e-13
1  3.1579762676398059895e-13
1  2.8708873928313949353e-13
1  2.6098977037695980652e-13
1  2.3726341529493877314e-13
1  2.1569401267244187048e-13
1  1.9608547099404793901e-13
1  1.7825952031754604965e-13
1  1.620541130757310877e-13
1  1.4732191974588942918e-13
1  1.3392901425466480214e-13
1  1.2175365425061424052e-13
1  1.106851426919269743e-13
1  1.0062285884073277065e-13
1  9.1475323138728165118e-14
1  8.3159384055547097558e-14
1  7.5599438818449438138e-14
1  6.8726762562226761943e-14
1  6.2478878136689591782e-14
1  5.6798980124263265257e-14
1  5.1635436784614949235e-14
1  4.6941305551807810392e-14
1  4.2673912905959177078e-14
1  3.8794464738084802335e-14
1  3.5267693984392806117e-14
1  3.2061538753763718645e-14
1  2.9146854336548413955e-14
1  2.6497140459959094005e-14
1  2.4088309201041741003e-14
1  2.1898463064043936777e-14
1  1.990769338657341625e-14
1  1.8097902462679144042e-14
1  1.6452639218459547132e-14
1  1.4956945052066114576e-14
1  1.3597222543596573091e-14
1  1.2361111788284587926e-14
1  1.1237374352985989023e-14
1  1.0215795020356889522e-14
1  9.2870860741306460184e-15
1  8.4428051369219749012e-15
1  7.6752772431958049548e-15
1  6.9775249590491288804e-15
1  6.3432044312234855954e-15
1  5.7665494829304414504e-15
1  5.2423178272594395805e-15
1  4.7657436333327536648e-15
1  4.3324943276251779573e-15
1  3.9386312069319799611e-15
1  3.580573862985115749e-15
1  3.2550671481682870445e-15
1  2.9591519528802609496e-15
1  2.6901381004805578062e-15
1  2.4455799950922176358e-15
1  2.2232545987451715272e-15
1  2.0211404673107970925e-15
1  1.8374003863264997544e-15
1  1.6703640068202940325e-15
1  1.5185127045968713731e-15
1  1.3804661335895624871e-15
1  1.254969202728773315e-15
1  1.1408810645136707208e-15
1  1.0371646329794602208e-15
1  9.4287694869761096497e-16
1  8.5716086726506080483e-16
1  7.7923717130989498744e-16
1  7.0839742365085369737e-16
1  6.4399766748978685277e-16
1  5.8545244424146412193e-16
1  5.3222949957765458388e-16
1  4.8384501886679842295e-16
1  4.3985910084169503858e-16
1  3.9987191948146079933e-16
1  3.6351993883304600016e-16
1  3.3047268369812345546e-16
1  3.0042972207821390558e-16
1  2.7311793878738704205e-16
1  2.4828904729297894809e-16
1  2.2571731331454635266e-16
1  2.0519755635550670234e-16
1  1.8654323064411703834e-16
1  1.6958475753735908955e-16
1  1.5416796380394277247e-16
1  1.4015269196087710209e-16
1  1.274115429589391113e-16
1  1.1582867180770197368e-16
1  1.0529879495879993986e-16
1  9.5726177836858572642e-17
1  8.7023801041437293504e-17
1  7.9112546401306630458e-17
1  7.1920495525288773066e-17
1  6.5382268057767530022e-17
1  5.9438426108647290967e-17
1  5.4034931622871191711e-17
1  4.9122666615665833471e-17
1  4.4656969951398253174e-17
1  4.0597246914326798437e-17
1  3.6906588705519353163e-17
1  3.355144487933076655e-17
1  3.050131232349253315e-17
1  2.7728465598233100582e-17
1  2.5207695547204302773e-17
1  2.291608761307719575e-17
1  2.0832806770582793854e-17
1  1.8938915546777308069e-17
1  1.7217195350029834569e-17
1  1.5651995923150870073e-17
1  1.4229086450882052291e-17
1  1.2935533137165502082e-17
1  1.1759575955232553054e-17
1  1.0690523595665957321e-17
1  9.7186575134488293638e-18
1  8.8351434196391028452e-18
1  8.0319485633082753138e-18
1  7.3017714211893411944e-18
1  6.6379738688665624398e-18
1  6.0345216237713647132e-18
1  5.485928824081296335e-18
1  4.9872079842929688249e-18
1  4.5338253274689790381e-18
1  4.1216594262072815143e-18
1  3.7469631523330110381e-18
1  3.4063301760836742416e-18
1  3.0966637400410257274e-18
1  2.8151489485805475423e-18
1  2.5592262980918474804e-18
1  2.3265693431021201515e-18
1  2.1150629827850674636e-18
1  1.9227844358068099041e-18
1  1.7479858695330229254e-18
1  1.5890780632118390231e-18
1  1.4446164493010109035e-18
1  1.3132876717829574969e-18
1  1.1938979022386116461e-18
1  1.0853617763067272097e-18
1  9.8669257091410499477e-19
1  8.9699320868643124283e-19
1  8.1544834803367009141e-19
1  7.4131668003060917401e-19
1  6.7392425927317091133e-19
1  6.1265840342139493269e-19
1  5.5696216142909162765e-19
1  5.0632924706259025869e-19
1  4.6029933431100506592e-19
1  4.1845394733256664419e-19
1  3.8041268644307716989e-19
1  3.458297125983070506e-19
1  3.1439064546669785124e-19
1  2.8580966829721835848e-19
1  2.5982696882934449478e-19
1  2.3620633529940408616e-19
1  2.1473303679025719511e-19
1  1.9521184575264423594e-19
1  1.7746531902047551309e-19
1  1.6133210467551490159e-19
1  1.4666554618009616386e-19
1  1.3333231235923340876e-19
1  1.2121119540379347544e-19
1  1.1019199934654781526e-19
1  1.0017454486049801387e-19
1  9.1067770992429346959e-20
1  8.2788882132904084911e-20
1  7.5262617770876973348e-20
1  6.8420561022401927083e-20
1  6.2200511782824079776e-20
1  5.6545918040108653732e-20
1  5.140538150517798875e-20
1  4.6732166473422838766e-20
1  4.2483786234396095339e-20
1  3.8621625024423456776e-20
1  3.5110569672736900608e-20
1  3.1918699408744976208e-20
1  2.9016998287522971904e-20
1  2.6379088617935822689e-20
1  2.3980990240155160223e-20
1  2.1800900805809103437e-20
1  1.9819000291939057517e-20
1  1.8017273286414985723e-20
1  1.6379339351286350658e-20
1  1.4890309235527197822e-20
1  1.3536645126749073904e-20
1  1.2306041097753118726e-20
1  1.1187310015430692756e-20
1  1.0170281758773941874e-20
1  9.2457103226155985464e-21
1  8.4051914226851533002e-21
1  7.6410833318392939856e-21
1  6.946439025402282284e-21
1  6.3149443849580823158e-21
1  5.7408584216264066126e-21
1  5.2189623850679984993e-21
1  4.7445112958706153151e-21
1  4.3131919402835472053e-21
1  3.9210836922296202248e-21
1  3.5646213548011168074e-21
1  3.2405648680010152795e-21
1  2.9459680067422706896e-21
1  2.6781527334020642632e-21
1  2.4346843581696198038e-21
1  2.2133493247231126687e-21
1  2.0121358231840630576e-21
1  1.8292144030717293011e-21
1  1.6629222213285524077e-21
1  1.5117474922939923466e-21
1  1.3743158561880858295e-21
1  1.2493780602595503785e-21
1  1.1357982457790636049e-21
1  1.03254385061967638e-21
1  9.3867621865659708473e-22
1  8.533420169605428043e-22
1  7.7576546078465747043e-22
1  7.0524134634499694917e-22
1  6.4112848749779760213e-22
1  5.8284406118450766225e-22
1  5.2985825579940621446e-22
1  4.8168932345400564951e-22
1  4.3789938954792312993e-22
1  3.9809036331394792432e-22
1  3.6190032799053911602e-22
1  3.2900030964755781777e-22
1  2.99091197473293189e-22
1  2.719010932018208931e-22
1  2.4718281200165535736e-22
1  2.2471163579989170348e-22
1  2.042833064200628653e-22
1  1.8571209445064360781e-22
1  1.6882917103614215095e-22
1  1.5348106802061317819e-22
1  1.3952823906536671344e-22
1  1.2684384795861770152e-22
1  1.1531259479045903935e-22
1  1.0482963048025599181e-22
1  9.5299666941545102453e-23
1  8.6636062003384137097e-23
1  7.8760055792995829927e-23
1  7.1600051294622321913e-23
1  6.5090958017252016927e-23
1  5.9173598771218855549e-23
1  5.3794179553674006541e-23
1  4.8903800454824629824e-23
1  4.4458001274052469172e-23
1  4.0416363934017620824e-23
1  3.6742149604642131819e-23
1  3.3401954759755323633e-23
1  3.0365414565393429079e-23
1  2.7604922045317333627e-23
1  2.5095383534131956894e-23
1  2.2813985174458307216e-23
1  2.0739986235376313753e-23
1  1.8854532941251194321e-23
1  1.7140484922334306776e-23
1  1.5582259020303915251e-23
1  1.4165690448745871258e-23
1  1.2877900264521536558e-23
1  1.1707181771797431336e-23
1  1.0642892448101218921e-23
1  9.675356914430363605e-24
1  8.795779371691651105e-24
1  7.9961631368888560247e-24
1  7.2692388567803667402e-24
1  6.6083990324240520566e-24
1  6.0076353047352961376e-24
1  5.4614867840977065289e-24
1  4.9649879855433695717e-24
1  4.513625441403063247e-24
1  4.1032958916782804619e-24
1  3.7302688131482310515e-24
1  3.3911532872118224966e-24
1  3.0828666426666773883e-24
1  2.8026060567165454716e-24
1  2.5478237058527891838e-24
1  2.3162032972424533288e-24
1  2.1056393611295030262e-24
1  1.9142175293121931855e-24
1  1.74019777184883256e-24
1  1.5819979295863872579e-24
1  1.4381799090946393747e-24
1  1.3074362720307982358e-24
1  1.1885784022259220819e-24
1  1.0805258560626975845e-24
1  9.8229620589128512607e-25
1  8.9299655977458767394e-25
1  8.1181503192971307799e-25
1  7.3801364297982708166e-25
1  6.7092151602884579075e-25
1  6.0992866438180705785e-25
1  5.5448061742995366432e-25
1  5.0407329305484938359e-25
1  4.5824846167817396044e-25
1  4.1658950613435754801e-25
1  3.7871772388508748431e-25
1  3.4428885110094466217e-25
1  3.1298985791397606884e-25
1  2.8453623670833308878e-25
1  2.5866931506281309458e-25
1  2.3515391382004707211e-25
1  2.1377627632662341532e-25
1  1.9434207162892158557e-25
1  1.7667460721012372032e-25
1  1.6061327592030747918e-25
1  1.460120645362971105e-25
